\BOOKMARK [0][-]{toc.0}{\376\377\166\356\000\040\137\125}{}% 1
\BOOKMARK [0][-]{chapter*.2}{\376\377\144\130\000\040\211\201}{}% 2
\BOOKMARK [0][-]{chapter*.3}{\376\377\000A\000b\000s\000t\000r\000a\000c\000t}{}% 3
\BOOKMARK [0][-]{chapter.1}{\376\377\173\054\0001\172\340\000\040\176\352\213\272}{}% 4
\BOOKMARK [1][-]{section.1.1}{\376\377\0001\000.\0001\000\040\213\376\230\230\147\145\156\220}{chapter.1}% 5
\BOOKMARK [1][-]{section.1.2}{\376\377\0001\000.\0002\000\040\170\024\172\166\200\314\146\157\116\016\141\017\116\111}{chapter.1}% 6
\BOOKMARK [1][-]{section.1.3}{\376\377\0001\000.\0003\000\040\174\276\133\306\166\364\176\277\217\320\122\250\136\163\123\360\143\247\122\066\145\271\154\325\170\024\172\166\163\260\162\266\123\312\122\006\147\220}{chapter.1}% 7
\BOOKMARK [2][-]{subsection.1.3.1}{\376\377\0001\000.\0003\000.\0001\000\040\153\324\117\213\000-\171\357\122\006\000-\137\256\122\006\143\247\122\066}{section.1.3}% 8
\BOOKMARK [2][-]{subsection.1.3.2}{\376\377\0001\000.\0003\000.\0002\000\040\217\355\116\343\133\146\116\140\143\247\122\066}{section.1.3}% 9
\BOOKMARK [2][-]{subsection.1.3.3}{\376\377\0001\000.\0003\000.\0003\000\040\201\352\220\002\136\224\143\247\122\066}{section.1.3}% 10
\BOOKMARK [2][-]{subsection.1.3.4}{\376\377\0001\000.\0003\000.\0004\000\040\156\321\152\041\143\247\122\066}{section.1.3}% 11
\BOOKMARK [1][-]{section.1.4}{\376\377\0001\000.\0004\000\040\213\272\145\207\116\073\211\201\170\024\172\166\121\205\133\271}{chapter.1}% 12
\BOOKMARK [0][-]{chapter.2}{\376\377\173\054\0002\172\340\000\040\174\276\133\306\166\364\176\277\217\320\122\250\136\163\123\360\122\250\122\233\133\146\136\372\152\041\116\016\123\302\145\160\217\250\213\306}{}% 13
\BOOKMARK [1][-]{section.2.1}{\376\377\0002\000.\0001\000\040\137\025\212\000}{chapter.2}% 14
\BOOKMARK [1][-]{section.2.2}{\376\377\0002\000.\0002\000\040\174\276\133\306\166\364\176\277\217\320\122\250\136\163\123\360\135\345\117\134\123\237\164\006}{chapter.2}% 15
\BOOKMARK [1][-]{section.2.3}{\376\377\0002\000.\0003\000\040\174\276\133\306\166\364\176\277\217\320\122\250\136\163\123\360\122\250\122\233\133\146\136\372\152\041}{chapter.2}% 16
\BOOKMARK [1][-]{section.2.4}{\376\377\0002\000.\0004\000\040\174\276\133\306\166\364\176\277\217\320\122\250\136\163\123\360\152\041\127\213\123\302\145\160\217\250\213\306}{chapter.2}% 17
\BOOKMARK [2][-]{subsection.2.4.1}{\376\377\0002\000.\0004\000.\0001\000\040\171\273\176\277\217\250\213\306\217\223\121\145\117\341\123\367\211\201\154\102}{section.2.4}% 18
\BOOKMARK [2][-]{subsection.2.4.2}{\376\377\0002\000.\0004\000.\0002\000\040\127\372\116\216\230\221\163\207\124\315\136\224\121\375\145\160\166\204\217\250\213\306\145\271\154\325}{section.2.4}% 19
\BOOKMARK [2][-]{subsection.2.4.3}{\376\377\0002\000.\0004\000.\0003\000\040\127\372\116\216\230\221\163\207\124\315\136\224\121\375\145\160\166\204\217\250\213\306\176\323\147\234}{section.2.4}% 20
\BOOKMARK [1][-]{section.2.5}{\376\377\0002\000.\0005\000\040\147\054\172\340\134\017\176\323}{chapter.2}% 21
\BOOKMARK [0][-]{chapter.3}{\376\377\173\054\0003\172\340\000\040\127\372\116\216\220\022\143\250\147\000\134\017\116\214\116\130\166\204\171\357\122\006\156\321\152\041\143\247\122\066\145\271\154\325\170\024\172\166}{}% 22
\BOOKMARK [1][-]{section.3.1}{\376\377\0003\000.\0001\000\040\137\025\212\000}{chapter.3}% 23
\BOOKMARK [1][-]{section.3.2}{\376\377\0003\000.\0002\000\040\156\321\152\041\143\247\122\066\127\372\147\054\123\237\164\006}{chapter.3}% 24
\BOOKMARK [1][-]{section.3.3}{\376\377\0003\000.\0003\000\040\220\022\143\250\147\000\134\017\116\214\116\130\123\237\164\006}{chapter.3}% 25
\BOOKMARK [1][-]{section.3.4}{\376\377\0003\000.\0004\000\040\127\372\116\216\117\040\176\337\220\022\143\250\147\000\134\017\116\214\116\130\166\204\122\115\231\210\143\247\122\066\126\150\213\276\213\241}{chapter.3}% 26
\BOOKMARK [1][-]{section.3.5}{\376\377\0003\000.\0005\000\040\127\372\116\216\145\071\217\333\127\213\220\022\143\250\147\000\134\017\116\214\116\130\166\204\171\357\122\006\156\321\152\041\143\247\122\066\126\150\213\276\213\241}{chapter.3}% 27
\BOOKMARK [2][-]{subsection.3.5.1}{\376\377\0003\000.\0005\000.\0001\000\040\127\372\116\216\145\071\217\333\127\213\220\022\143\250\147\000\134\017\116\214\116\130\166\204\122\115\231\210\143\247\122\066\126\150\213\276\213\241}{section.3.5}% 28
\BOOKMARK [2][-]{subsection.3.5.2}{\376\377\0003\000.\0005\000.\0002\000\040\127\372\116\216\171\357\122\006\156\321\152\041\166\204\123\315\231\210\143\247\122\066\126\150\213\276\213\241}{section.3.5}% 29
\BOOKMARK [1][-]{section.3.6}{\376\377\0003\000.\0006\000\040\147\054\172\340\134\017\176\323}{chapter.3}% 30
\BOOKMARK [0][-]{chapter.4}{\376\377\173\054\0004\172\340\000\040\127\372\116\216\171\136\176\317\177\121\176\334\166\204\156\321\152\041\143\247\122\066\145\271\154\325\170\024\172\166}{}% 31
\BOOKMARK [1][-]{section.4.1}{\376\377\0004\000.\0001\000\040\137\025\212\000}{chapter.4}% 32
\BOOKMARK [1][-]{section.4.2}{\376\377\0004\000.\0002\000\040\127\372\116\216\117\040\176\337\000R\000B\000F\171\136\176\317\177\121\176\334\166\204\201\352\220\002\136\224\210\145\120\177\126\150\213\276\213\241}{chapter.4}% 33
\BOOKMARK [1][-]{section.4.3}{\376\377\0004\000.\0003\000\040\127\372\116\216\131\032\150\070\171\136\176\317\177\121\176\334\166\204\122\250\140\001\217\271\165\114\134\102\156\321\152\041\143\247\122\066\126\150\213\276\213\241}{chapter.4}% 34
\BOOKMARK [2][-]{subsection.4.3.1}{\376\377\0004\000.\0003\000.\0001\000\040\131\032\150\070\171\136\176\317\177\121\176\334\210\145\120\177\126\150\213\276\213\241}{section.4.3}% 35
\BOOKMARK [2][-]{subsection.4.3.2}{\376\377\0004\000.\0003\000.\0002\000\040\127\372\116\216\131\032\150\070\171\136\176\317\177\121\176\334\166\204\156\321\152\041\143\247\122\066\126\150\213\276\213\241}{section.4.3}% 36
\BOOKMARK [2][-]{subsection.4.3.3}{\376\377\0004\000.\0003\000.\0003\000\040\122\250\140\001\217\271\165\114\134\102\213\276\213\241}{section.4.3}% 37
\BOOKMARK [1][-]{section.4.4}{\376\377\0004\000.\0004\000\040\147\054\172\340\134\017\176\323}{chapter.4}% 38
\BOOKMARK [0][-]{chapter.5}{\376\377\173\054\0005\172\340\000\040\174\276\133\306\166\364\176\277\217\320\122\250\136\163\123\360\143\247\122\066\174\373\176\337\133\236\232\214\232\214\213\301\116\016\122\006\147\220}{}% 39
\BOOKMARK [1][-]{section.5.1}{\376\377\0005\000.\0001\000\040\137\025\212\000}{chapter.5}% 40
\BOOKMARK [1][-]{section.5.2}{\376\377\0005\000.\0002\000\040\133\236\232\214\232\214\213\301\116\016\122\006\147\220}{chapter.5}% 41
\BOOKMARK [2][-]{subsection.5.2.1}{\376\377\0005\000.\0002\000.\0001\000\040\133\236\232\214\210\305\177\156}{section.5.2}% 42
\BOOKMARK [2][-]{subsection.5.2.2}{\376\377\0005\000.\0002\000.\0002\000\040\133\236\232\214\213\276\177\156}{section.5.2}% 43
\BOOKMARK [1][-]{section.5.3}{\376\377\0005\000.\0003\000\040\133\236\232\214\176\323\147\234\116\016\122\006\147\220}{chapter.5}% 44
\BOOKMARK [2][-]{subsection.5.3.1}{\376\377\0005\000.\0003\000.\0001\000\040\140\047\200\375\213\304\116\367\143\007\150\007}{section.5.3}% 45
\BOOKMARK [2][-]{subsection.5.3.2}{\376\377\0005\000.\0003\000.\0002\000\040\220\022\143\250\147\000\134\017\116\214\116\130\171\357\122\006\156\321\152\041\143\247\122\066\126\150\133\236\232\214\176\323\147\234\122\006\147\220}{section.5.3}% 46
\BOOKMARK [2][-]{subsection.5.3.3}{\376\377\0005\000.\0003\000.\0003\000\040\131\032\150\070\171\136\176\317\177\121\176\334\122\250\140\001\217\271\165\114\134\102\156\321\152\041\143\247\122\066\126\150\133\236\232\214\176\323\147\234\122\006\147\220}{section.5.3}% 47
\BOOKMARK [1][-]{section.5.4}{\376\377\0005\000.\0004\000\040\147\054\172\340\134\017\176\323}{chapter.5}% 48
\BOOKMARK [0][-]{chapter.6}{\376\377\173\054\0006\172\340\000\040\121\150\145\207\140\073\176\323\116\016\134\125\147\033}{}% 49
\BOOKMARK [1][-]{section.6.1}{\376\377\0006\000.\0001\000\040\147\054\145\207\135\345\117\134\140\073\176\323}{chapter.6}% 50
\BOOKMARK [1][-]{section.6.2}{\376\377\0006\000.\0002\000\040\170\024\172\166\135\345\117\134\134\125\147\033}{chapter.6}% 51
\BOOKMARK [0][-]{chapter*.43}{\376\377\123\302\200\003\145\207\163\056}{}% 52
\BOOKMARK [0][-]{chapter*.44}{\376\377\145\073\213\373\170\125\130\353\147\037\225\364\123\321\210\150\166\204\133\146\147\057\213\272\145\207}{}% 53
