\BOOKMARK [0][-]{toc.0}{\376\377\166\356\000\040\137\125}{}% 1
\BOOKMARK [0][-]{chapter*.2}{\376\377\143\322\126\376\166\356\137\125}{}% 2
\BOOKMARK [0][-]{chapter*.3}{\376\377\144\130\000\040\211\201}{}% 3
\BOOKMARK [0][-]{chapter*.4}{\376\377\000A\000b\000s\000t\000r\000a\000c\000t}{}% 4
\BOOKMARK [0][-]{chapter*.5}{\376\377\173\046\123\367\210\150}{}% 5
\BOOKMARK [0][-]{chapter.1}{\376\377\173\054\0001\172\340\000\040\123\314\230\221\157\300\121\111\136\162\155\211\116\352\166\204\163\257\130\203\213\357\135\356\123\312\000E\000d\000l\000e\000n\121\154\137\017\210\145\120\177\145\271\154\325}{}% 6
\BOOKMARK [1][-]{section.1.1}{\376\377\0001\000.\0001\000\040\157\300\121\111\117\115\171\373\155\113\221\317\164\006\213\272\127\372\170\100}{chapter.1}% 7
\BOOKMARK [2][-]{subsection.1.1.1}{\376\377\0001\000.\0001\000.\0001\000\040\131\032\146\156\122\322\230\221\171\373}{section.1.1}% 8
\BOOKMARK [2][-]{subsection.1.1.2}{\376\377\0001\000.\0001\000.\0002\000\040\142\315\230\221\163\260\214\141}{section.1.1}% 9
\BOOKMARK [1][-]{section.1.2}{\376\377\0001\000.\0002\000\040\157\300\121\111\136\162\155\211\116\352\123\237\164\006}{chapter.1}% 10
\BOOKMARK [2][-]{subsection.1.2.1}{\376\377\0001\000.\0002\000.\0001\000\040\123\125\230\221\157\300\121\111\136\162\155\211\116\352}{section.1.2}% 11
\BOOKMARK [2][-]{subsection.1.2.2}{\376\377\0001\000.\0002\000.\0002\000\040\123\314\230\221\157\300\121\111\136\162\155\211\116\352}{section.1.2}% 12
\BOOKMARK [1][-]{section.1.3}{\376\377\0001\000.\0003\000\040\123\314\230\221\157\300\121\111\136\162\155\211\116\352\166\204\163\257\130\203\213\357\135\356\123\312\121\166\142\020\126\340}{chapter.1}% 13
\BOOKMARK [1][-]{section.1.4}{\376\377\0001\000.\0004\000\040\127\372\116\216\000E\000d\000l\000e\000n\121\154\137\017\166\204\210\145\120\177\145\271\154\325\123\312\121\166\134\100\226\120\140\047}{chapter.1}% 14
\BOOKMARK [2][-]{subsection.1.4.1}{\376\377\0001\000.\0004\000.\0001\000\040\000E\000d\000l\000e\000n\121\154\137\017\210\145\120\177\145\271\154\325}{section.1.4}% 15
\BOOKMARK [2][-]{subsection.1.4.2}{\376\377\0001\000.\0004\000.\0002\000\040\134\100\226\120\140\047}{section.1.4}% 16
\BOOKMARK [1][-]{section.1.5}{\376\377\0001\000.\0005\000\040\147\054\172\340\134\017\176\323}{chapter.1}% 17
\BOOKMARK [0][-]{chapter.2}{\376\377\173\054\0002\172\340\000\040\123\314\230\221\157\300\121\111\136\162\155\211\116\352\166\204\163\257\130\203\213\357\135\356\210\145\120\177\133\236\232\214\174\373\176\337}{}% 18
\BOOKMARK [1][-]{section.2.1}{\376\377\0002\000.\0001\000\040\123\314\230\221\157\300\121\111\136\162\155\211\116\352\155\113\221\317\174\373\176\337\121\111\215\357\213\276\213\241\116\016\122\006\147\220}{chapter.2}% 19
\BOOKMARK [1][-]{section.2.2}{\376\377\0002\000.\0002\000\040\127\372\116\216\000P\000T\0001\0000\0000\166\204\121\153\220\032\220\123\156\051\136\246\155\113\221\317\174\373\176\337}{chapter.2}% 20
\BOOKMARK [2][-]{subsection.2.2.1}{\376\377\0002\000.\0002\000.\0001\000\040\116\012\117\115\147\072\174\373\176\337}{section.2.2}% 21
\BOOKMARK [2][-]{subsection.2.2.2}{\376\377\0002\000.\0002\000.\0002\000\040\150\007\133\232\217\307\172\013\123\312\176\323\147\234}{section.2.2}% 22
\BOOKMARK [0][-]{chapter.3}{\376\377\173\054\0003\172\340\000\040\127\372\116\216\174\222\133\120\177\244\173\227\154\325\166\204\217\157\116\366\210\145\120\177\145\271\154\325\123\312\173\227\154\325\170\154\123\026}{}% 23
\BOOKMARK [1][-]{section.3.1}{\376\377\0003\000.\0001\000\040\174\222\133\120\177\244\173\227\154\325}{chapter.3}% 24
\BOOKMARK [2][-]{subsection.3.1.1}{\376\377\0003\000.\0001\000.\0001\000\040\174\222\133\120\177\244\173\227\154\325\127\372\147\054\123\237\164\006}{section.3.1}% 25
\BOOKMARK [2][-]{subsection.3.1.2}{\376\377\0003\000.\0001\000.\0002\000\040\176\277\140\047\140\357\140\047\147\103\120\074\220\022\121\317\173\126\165\145}{section.3.1}% 26
\BOOKMARK [1][-]{section.3.2}{\376\377\0003\000.\0002\000\040\127\372\116\216\174\222\133\120\177\244\173\227\154\325\117\030\123\026\124\016\166\204\000E\000d\000l\000e\000n\121\154\137\017\210\145\120\177\145\271\154\325}{chapter.3}% 27
\BOOKMARK [2][-]{subsection.3.2.1}{\376\377\0003\000.\0002\000.\0001\000\040\145\160\143\156\230\204\131\004\164\006}{section.3.2}% 28
\BOOKMARK [0][-]{chapter.4}{\376\377\173\054\0004\172\340\000\040\0002\0002\0002\0002\0002\0002}{}% 29
\BOOKMARK [1][-]{section.4.1}{\376\377\0004\000.\0001\000\040\170\024\172\166\133\371\214\141}{chapter.4}% 30
\BOOKMARK [1][-]{section.4.2}{\376\377\0004\000.\0002\000\040\170\024\172\166\145\271\154\325}{chapter.4}% 31
\BOOKMARK [0][-]{chapter.5}{\376\377\173\054\0005\172\340\000\040\145\160\133\146\127\372\170\100}{}% 32
\BOOKMARK [1][-]{section.5.1}{\376\377\0005\000.\0001\000\040\127\372\170\100\121\154\213\276}{chapter.5}% 33
\BOOKMARK [1][-]{section.5.2}{\376\377\0005\000.\0002\000\040\221\317\133\120\140\001\116\016\221\317\133\120\173\227\173\046}{chapter.5}% 34
\BOOKMARK [1][-]{section.5.3}{\376\377\0005\000.\0003\000\040\122\250\122\233\133\146\157\024\123\026}{chapter.5}% 35
\BOOKMARK [0][-]{chapter.6}{\376\377\173\054\0006\172\340\000\040\140\073\176\323\116\016\134\125\147\033}{}% 36
\BOOKMARK [0][-]{chapter*.17}{\376\377\123\302\200\003\145\207\163\056}{}% 37
