This is XeTeX, Version 3.141592653-2.6-0.999994 (TeX Live 2022) (preloaded format=xelatex 2022.12.20)  21 DEC 2022 11:49
entering extended mode
 restricted \write18 enabled.
 file:line:error style messages enabled.
 %&-line parsing enabled.
**main_fudan
(./main_fudan.tex
LaTeX2e <2022-11-01> patch level 1
L3 programming layer <2022-12-17>

LaTeX Warning: \include should only be used after \begin{document} on input line 34.

(./subtex_begin.tex (./fduthesis.cls
Document Class: fduthesis 2022/09/04 v0.8 Thesis template for Fudan University
(d:/latex/texlive/2022/texmf-dist/tex/latex/l3packages/xtemplate/xtemplate.sty (d:/latex/texlive/2022/texmf-dist/tex/latex/l3kernel/expl3.sty
Package: expl3 2022-12-17 L3 programming layer (loader) 
 (d:/latex/texlive/2022/texmf-dist/tex/latex/l3backend/l3backend-xetex.def
File: l3backend-xetex.def 2022-10-26 L3 backend support: XeTeX
\g__graphics_track_int=\count181
\l__pdf_internal_box=\box51
\g__pdf_backend_object_int=\count182
\g__pdf_backend_annotation_int=\count183
\g__pdf_backend_link_int=\count184
))
Package: xtemplate 2022-12-17 L3 Experimental prototype document functions
\l__xtemplate_tmp_dim=\dimen140
\l__xtemplate_tmp_int=\count185
\l__xtemplate_tmp_muskip=\muskip16
\l__xtemplate_tmp_skip=\skip48
) (d:/latex/texlive/2022/texmf-dist/tex/latex/l3packages/l3keys2e/l3keys2e.sty
Package: l3keys2e 2022-12-17 LaTeX2e option processing using LaTeX3 keys
)
\l__fdu_tmpa_box=\box52
\l__fdu_tmpa_dim=\dimen141
\l__fdu_tmpb_dim=\dimen142
\l__fdu_tmpa_skip=\skip49
\g__fdu_thesis_type_int=\count186
 (./fduthesis.def
File: fduthesis.def 2022/09/04 v0.8 Definition file for fduthesis
) (d:/latex/texlive/2022/texmf-dist/tex/latex/ctex/ctexbook.cls (d:/latex/texlive/2022/texmf-dist/tex/latex/ctex/config/ctexbackend.cfg
File: ctexbackend.cfg 2022/07/14 v2.5.10 Backend configuration file (CTEX)
)
Document Class: ctexbook 2022/07/14 v2.5.10 Chinese adapter for class book (CTEX)
(d:/latex/texlive/2022/texmf-dist/tex/latex/ctex/ctexhook.sty
Package: ctexhook 2022/07/14 v2.5.10 Document and package hooks (CTEX)
) (d:/latex/texlive/2022/texmf-dist/tex/latex/ctex/ctexpatch.sty
Package: ctexpatch 2022/07/14 v2.5.10 Patching commands (CTEX)
) (d:/latex/texlive/2022/texmf-dist/tex/latex/base/fix-cm.sty
Package: fix-cm 2020/11/24 v1.1t fixes to LaTeX
 (d:/latex/texlive/2022/texmf-dist/tex/latex/base/ts1enc.def
File: ts1enc.def 2001/06/05 v3.0e (jk/car/fm) Standard LaTeX file
LaTeX Font Info:    Redeclaring font encoding TS1 on input line 47.
))
\l__ctex_tmp_int=\count187
\l__ctex_tmp_box=\box53
\l__ctex_tmp_dim=\dimen143
\g__ctex_section_depth_int=\count188
\g__ctex_font_size_int=\count189
 (d:/latex/texlive/2022/texmf-dist/tex/latex/ctex/config/ctexopts.cfg
File: ctexopts.cfg 2022/07/14 v2.5.10 Option configuration file (CTEX)
) (d:/latex/texlive/2022/texmf-dist/tex/latex/base/book.cls
Document Class: book 2022/07/02 v1.4n Standard LaTeX document class
(d:/latex/texlive/2022/texmf-dist/tex/latex/base/bk12.clo
File: bk12.clo 2022/07/02 v1.4n Standard LaTeX file (size option)
)
\c@part=\count190
\c@chapter=\count191
\c@section=\count192
\c@subsection=\count193
\c@subsubsection=\count194
\c@paragraph=\count195
\c@subparagraph=\count196
\c@figure=\count197
\c@table=\count198
\abovecaptionskip=\skip50
\belowcaptionskip=\skip51
\bibindent=\dimen144
) (d:/latex/texlive/2022/texmf-dist/tex/latex/ctex/engine/ctex-engine-xetex.def
File: ctex-engine-xetex.def 2022/07/14 v2.5.10 XeLaTeX adapter (CTEX)
 (d:/latex/texlive/2022/texmf-dist/tex/xelatex/xecjk/xeCJK.sty
Package: xeCJK 2022/08/05 v3.9.1 Typesetting CJK scripts with XeLaTeX
\l__xeCJK_tmp_int=\count199
\l__xeCJK_tmp_box=\box54
\l__xeCJK_tmp_dim=\dimen145
\l__xeCJK_tmp_skip=\skip52
\g__xeCJK_space_factor_int=\count266
\l__xeCJK_begin_int=\count267
\l__xeCJK_end_int=\count268
\c__xeCJK_CJK_class_int=\XeTeXcharclass1
\c__xeCJK_FullLeft_class_int=\XeTeXcharclass2
\c__xeCJK_FullRight_class_int=\XeTeXcharclass3
\c__xeCJK_HalfLeft_class_int=\XeTeXcharclass4
\c__xeCJK_HalfRight_class_int=\XeTeXcharclass5
\c__xeCJK_NormalSpace_class_int=\XeTeXcharclass6
\c__xeCJK_CM_class_int=\XeTeXcharclass7
\c__xeCJK_HangulJamo_class_int=\XeTeXcharclass8
\l__xeCJK_last_skip=\skip53
\c__xeCJK_none_node=\count269
\g__xeCJK_node_int=\count270
\c__xeCJK_CJK_node_dim=\dimen146
\c__xeCJK_CJK-space_node_dim=\dimen147
\c__xeCJK_default_node_dim=\dimen148
\c__xeCJK_CJK-widow_node_dim=\dimen149
\c__xeCJK_normalspace_node_dim=\dimen150
\c__xeCJK_default-space_node_skip=\skip54
\l__xeCJK_ccglue_skip=\skip55
\l__xeCJK_ecglue_skip=\skip56
\l__xeCJK_punct_kern_skip=\skip57
\l__xeCJK_indent_box=\box55
\l__xeCJK_last_penalty_int=\count271
\l__xeCJK_last_bound_dim=\dimen151
\l__xeCJK_last_kern_dim=\dimen152
\l__xeCJK_widow_penalty_int=\count272

Package xtemplate Info: Declaring object type 'xeCJK/punctuation' taking 0
(xtemplate)             argument(s) on line 2396.

\l__xeCJK_fixed_punct_width_dim=\dimen153
\l__xeCJK_mixed_punct_width_dim=\dimen154
\l__xeCJK_middle_punct_width_dim=\dimen155
\l__xeCJK_fixed_margin_width_dim=\dimen156
\l__xeCJK_mixed_margin_width_dim=\dimen157
\l__xeCJK_middle_margin_width_dim=\dimen158
\l__xeCJK_bound_punct_width_dim=\dimen159
\l__xeCJK_bound_margin_width_dim=\dimen160
\l__xeCJK_margin_minimum_dim=\dimen161
\l__xeCJK_kerning_total_width_dim=\dimen162
\l__xeCJK_same_align_margin_dim=\dimen163
\l__xeCJK_different_align_margin_dim=\dimen164
\l__xeCJK_kerning_margin_width_dim=\dimen165
\l__xeCJK_kerning_margin_minimum_dim=\dimen166
\l__xeCJK_bound_dim=\dimen167
\l__xeCJK_reverse_bound_dim=\dimen168
\l__xeCJK_margin_dim=\dimen169
\l__xeCJK_minimum_bound_dim=\dimen170
\l__xeCJK_kerning_margin_dim=\dimen171
\g__xeCJK_family_int=\count273
\l__xeCJK_fam_int=\count274
\g__xeCJK_fam_allocation_int=\count275
\l__xeCJK_verb_case_int=\count276
\l__xeCJK_verb_exspace_skip=\skip58
 (d:/latex/texlive/2022/texmf-dist/tex/latex/fontspec/fontspec.sty (d:/latex/texlive/2022/texmf-dist/tex/latex/l3packages/xparse/xparse.sty
Package: xparse 2022-12-17 L3 Experimental document command parser
)
Package: fontspec 2022/01/15 v2.8a Font selection for XeLaTeX and LuaLaTeX
 (d:/latex/texlive/2022/texmf-dist/tex/latex/fontspec/fontspec-xetex.sty
Package: fontspec-xetex 2022/01/15 v2.8a Font selection for XeLaTeX and LuaLaTeX
\l__fontspec_script_int=\count277
\l__fontspec_language_int=\count278
\l__fontspec_strnum_int=\count279
\l__fontspec_tmp_int=\count280
\l__fontspec_tmpa_int=\count281
\l__fontspec_tmpb_int=\count282
\l__fontspec_tmpc_int=\count283
\l__fontspec_em_int=\count284
\l__fontspec_emdef_int=\count285
\l__fontspec_strong_int=\count286
\l__fontspec_strongdef_int=\count287
\l__fontspec_tmpa_dim=\dimen172
\l__fontspec_tmpb_dim=\dimen173
\l__fontspec_tmpc_dim=\dimen174
 (d:/latex/texlive/2022/texmf-dist/tex/latex/base/fontenc.sty
Package: fontenc 2021/04/29 v2.0v Standard LaTeX package
) (d:/latex/texlive/2022/texmf-dist/tex/latex/fontspec/fontspec.cfg))) (d:/latex/texlive/2022/texmf-dist/tex/xelatex/xecjk/xeCJK.cfg
File: xeCJK.cfg 2022/08/05 v3.9.1 Configuration file for xeCJK package
))
\ccwd=\dimen175
\l__ctex_ccglue_skip=\skip59
)
\l__ctex_ziju_dim=\dimen176
 (d:/latex/texlive/2022/texmf-dist/tex/latex/zhnumber/zhnumber.sty
Package: zhnumber 2022/07/14 v3.0 Typesetting numbers with Chinese glyphs
\l__zhnum_scale_int=\count288
\l__zhnum_tmp_int=\count289
 (d:/latex/texlive/2022/texmf-dist/tex/latex/zhnumber/zhnumber-utf8.cfg
File: zhnumber-utf8.cfg 2022/07/14 v3.0 Chinese numerals with UTF8 encoding
))
\l__ctex_heading_skip=\skip60
 (d:/latex/texlive/2022/texmf-dist/tex/latex/ctex/scheme/ctex-scheme-chinese-book.def
File: ctex-scheme-chinese-book.def 2022/07/14 v2.5.10 Chinese scheme for book (CTEX)
 (d:/latex/texlive/2022/texmf-dist/tex/latex/ctex/config/ctex-name-utf8.cfg
File: ctex-name-utf8.cfg 2022/07/14 v2.5.10 Caption with encoding UTF-8 (CTEX)
)) (d:/latex/texlive/2022/texmf-dist/tex/latex/ctex/ctex-cs4size.clo
File: ctex-cs4size.clo 2022/07/14 v2.5.10 cs4size option (CTEX)
)) (d:/latex/texlive/2022/texmf-dist/tex/latex/ctex/config/ctex.cfg
File: ctex.cfg 2022/07/14 v2.5.10 Configuration file (CTEX)
) (d:/latex/texlive/2022/texmf-dist/tex/latex/amsmath/amsmath.sty
Package: amsmath 2022/04/08 v2.17n AMS math features
\@mathmargin=\skip61

For additional information on amsmath, use the `?' option.
(d:/latex/texlive/2022/texmf-dist/tex/latex/amsmath/amstext.sty
Package: amstext 2021/08/26 v2.01 AMS text
 (d:/latex/texlive/2022/texmf-dist/tex/latex/amsmath/amsgen.sty
File: amsgen.sty 1999/11/30 v2.0 generic functions
\@emptytoks=\toks16
\ex@=\dimen177
)) (d:/latex/texlive/2022/texmf-dist/tex/latex/amsmath/amsbsy.sty
Package: amsbsy 1999/11/29 v1.2d Bold Symbols
\pmbraise@=\dimen178
) (d:/latex/texlive/2022/texmf-dist/tex/latex/amsmath/amsopn.sty
Package: amsopn 2022/04/08 v2.04 operator names
)
\inf@bad=\count290
LaTeX Info: Redefining \frac on input line 234.
\uproot@=\count291
\leftroot@=\count292
LaTeX Info: Redefining \overline on input line 399.
LaTeX Info: Redefining \colon on input line 410.
\classnum@=\count293
\DOTSCASE@=\count294
LaTeX Info: Redefining \ldots on input line 496.
LaTeX Info: Redefining \dots on input line 499.
LaTeX Info: Redefining \cdots on input line 620.
\Mathstrutbox@=\box56
\strutbox@=\box57
LaTeX Info: Redefining \big on input line 722.
LaTeX Info: Redefining \Big on input line 723.
LaTeX Info: Redefining \bigg on input line 724.
LaTeX Info: Redefining \Bigg on input line 725.
\big@size=\dimen179
LaTeX Font Info:    Redeclaring font encoding OML on input line 743.
LaTeX Font Info:    Redeclaring font encoding OMS on input line 744.
\macc@depth=\count295
LaTeX Info: Redefining \bmod on input line 905.
LaTeX Info: Redefining \pmod on input line 910.
LaTeX Info: Redefining \smash on input line 940.
LaTeX Info: Redefining \relbar on input line 970.
LaTeX Info: Redefining \Relbar on input line 971.
\c@MaxMatrixCols=\count296
\dotsspace@=\muskip17
\c@parentequation=\count297
\dspbrk@lvl=\count298
\tag@help=\toks17
\row@=\count299
\column@=\count300
\maxfields@=\count301
\andhelp@=\toks18
\eqnshift@=\dimen180
\alignsep@=\dimen181
\tagshift@=\dimen182
\tagwidth@=\dimen183
\totwidth@=\dimen184
\lineht@=\dimen185
\@envbody=\toks19
\multlinegap=\skip62
\multlinetaggap=\skip63
\mathdisplay@stack=\toks20
LaTeX Info: Redefining \[ on input line 2953.
LaTeX Info: Redefining \] on input line 2954.
) (d:/latex/texlive/2022/texmf-dist/tex/latex/unicode-math/unicode-math.sty
Package: unicode-math 2020/01/31 v0.8q Unicode maths in XeLaTeX and LuaLaTeX
 (d:/latex/texlive/2022/texmf-dist/tex/latex/unicode-math/unicode-math-xetex.sty
Package: unicode-math-xetex 2020/01/31 v0.8q Unicode maths in XeLaTeX and LuaLaTeX
\g__um_fam_int=\count302
\g__um_fonts_used_int=\count303
\l__um_primecount_int=\count304
\g__um_primekern_muskip=\muskip18
 (d:/latex/texlive/2022/texmf-dist/tex/latex/unicode-math/unicode-math-table.tex))) (d:/latex/texlive/2022/texmf-dist/tex/latex/geometry/geometry.sty
Package: geometry 2020/01/02 v5.9 Page Geometry
 (d:/latex/texlive/2022/texmf-dist/tex/latex/graphics/keyval.sty
Package: keyval 2022/05/29 v1.15 key=value parser (DPC)
\KV@toks@=\toks21
) (d:/latex/texlive/2022/texmf-dist/tex/generic/iftex/ifvtex.sty
Package: ifvtex 2019/10/25 v1.7 ifvtex legacy package. Use iftex instead.
 (d:/latex/texlive/2022/texmf-dist/tex/generic/iftex/iftex.sty
Package: iftex 2022/02/03 v1.0f TeX engine tests
))
\Gm@cnth=\count305
\Gm@cntv=\count306
\c@Gm@tempcnt=\count307
\Gm@bindingoffset=\dimen186
\Gm@wd@mp=\dimen187
\Gm@odd@mp=\dimen188
\Gm@even@mp=\dimen189
\Gm@layoutwidth=\dimen190
\Gm@layoutheight=\dimen191
\Gm@layouthoffset=\dimen192
\Gm@layoutvoffset=\dimen193
\Gm@dimlist=\toks22
) (d:/latex/texlive/2022/texmf-dist/tex/latex/fancyhdr/fancyhdr.sty
Package: fancyhdr 2022/11/09 v4.1 Extensive control of page headers and footers
\f@nch@headwidth=\skip64
\f@nch@O@elh=\skip65
\f@nch@O@erh=\skip66
\f@nch@O@olh=\skip67
\f@nch@O@orh=\skip68
\f@nch@O@elf=\skip69
\f@nch@O@erf=\skip70
\f@nch@O@olf=\skip71
\f@nch@O@orf=\skip72
) (d:/latex/texlive/2022/texmf-dist/tex/latex/footmisc/footmisc.sty
Package: footmisc 2022/03/08 v6.0d a miscellany of footnote facilities
\FN@temptoken=\toks23
\footnotemargin=\dimen194
\@outputbox@depth=\dimen195
 (d:/latex/texlive/2022/texmf-dist/tex/latex/bigfoot/perpage.sty
Package: perpage 2014/10/25 2.0 Reset/sort counters per page
\c@abspage=\count308
)
\c@pp@a@footnote=\count309
Package footmisc Info: Declaring symbol style bringhurst on input line 695.
Package footmisc Info: Declaring symbol style chicago on input line 703.
Package footmisc Info: Declaring symbol style wiley on input line 712.
Package footmisc Info: Declaring symbol style lamport-robust on input line 723.
Package footmisc Info: Declaring symbol style lamport* on input line 743.
Package footmisc Info: Declaring symbol style lamport*-robust on input line 764.
) (d:/latex/texlive/2022/texmf-dist/tex/latex/ntheorem/ntheorem.sty
Style `ntheorem', Version 1.33 <2011/08/15>
Package: ntheorem 2011/08/15 1.33
(d:/latex/texlive/2022/texmf-dist/tex/latex/base/ifthen.sty
Package: ifthen 2022/04/13 v1.1d Standard LaTeX ifthen package (DPC)
)
\theorem@style=\toks24
\theorem@@style=\toks25
\theorembodyfont=\toks26
\theoremnumbering=\toks27
\theorempreskipamount=\skip73
\theorempostskipamount=\skip74
\theoremframepreskipamount=\skip75
\theoremframepostskipamount=\skip76
\theoreminframepreskipamount=\skip77
\theoreminframepostskipamount=\skip78
\theorem@preskip=\toks28
\theorem@postskip=\toks29
\theorem@framepreskip=\toks30
\theorem@framepostskip=\toks31
\theorem@inframepreskip=\toks32
\theorem@inframepostskip=\toks33
\theoremindent=\dimen196
\theorem@indent=\dimen197
\theoremrightindent=\dimen198
\theorem@rightindent=\dimen199
\theoremheaderfont=\toks34
\theoremseparator=\toks35
\theoremprework=\toks36
\theorempostwork=\toks37
\theoremsymbol=\toks38
\qedsymbol=\toks39
\theoremkeyword=\toks40
\qedsymbol=\toks41
\thm@topsep=\skip79
\thm@topsepadd=\skip80
Package ntheorem Info: Option `thmmarks' loaded on input line 1175.
\c@endNonectr=\count310
\c@currNonectr=\count311
\mysavskip=\skip81
Package ntheorem Info: option `amsmath' handling for `thmmarks' loaded on input line 1175.
\thm@amstmpdepth=\dimen256
\tagwidth=\dimen257
) (d:/latex/texlive/2022/texmf-dist/tex/latex/graphics/graphicx.sty
Package: graphicx 2021/09/16 v1.2d Enhanced LaTeX Graphics (DPC,SPQR)
 (d:/latex/texlive/2022/texmf-dist/tex/latex/graphics/graphics.sty
Package: graphics 2022/03/10 v1.4e Standard LaTeX Graphics (DPC,SPQR)
 (d:/latex/texlive/2022/texmf-dist/tex/latex/graphics/trig.sty
Package: trig 2021/08/11 v1.11 sin cos tan (DPC)
) (d:/latex/texlive/2022/texmf-dist/tex/latex/graphics-cfg/graphics.cfg
File: graphics.cfg 2016/06/04 v1.11 sample graphics configuration
)
Package graphics Info: Driver file: xetex.def on input line 107.
 (d:/latex/texlive/2022/texmf-dist/tex/latex/graphics-def/xetex.def
File: xetex.def 2022/09/22 v5.0n Graphics/color driver for xetex
))
\Gin@req@height=\dimen258
\Gin@req@width=\dimen259
) (d:/latex/texlive/2022/texmf-dist/tex/latex/tools/longtable.sty
Package: longtable 2021-09-01 v4.17 Multi-page Table package (DPC)
\LTleft=\skip82
\LTright=\skip83
\LTpre=\skip84
\LTpost=\skip85
\LTchunksize=\count312
\LTcapwidth=\dimen260
\LT@head=\box58
\LT@firsthead=\box59
\LT@foot=\box60
\LT@lastfoot=\box61
\LT@gbox=\box62
\LT@cols=\count313
\LT@rows=\count314
\c@LT@tables=\count315
\c@LT@chunks=\count316
\LT@p@ftn=\toks42
) (d:/latex/texlive/2022/texmf-dist/tex/latex/caption/caption.sty
Package: caption 2022/03/01 v3.6b Customizing captions (AR)
 (d:/latex/texlive/2022/texmf-dist/tex/latex/caption/caption3.sty
Package: caption3 2022/03/17 v2.3b caption3 kernel (AR)
\caption@tempdima=\dimen261
\captionmargin=\dimen262
\caption@leftmargin=\dimen263
\caption@rightmargin=\dimen264
\caption@width=\dimen265
\caption@indent=\dimen266
\caption@parindent=\dimen267
\caption@hangindent=\dimen268
Package caption Info: Standard document class detected.
)
\c@caption@flags=\count317
\c@continuedfloat=\count318
Package caption Info: longtable package is loaded.
 (d:/latex/texlive/2022/texmf-dist/tex/latex/caption/ltcaption.sty
Package: ltcaption 2021/01/08 v1.4c longtable captions (AR)
)) (d:/latex/texlive/2022/texmf-dist/tex/latex/xcolor/xcolor.sty
Package: xcolor 2022/06/12 v2.14 LaTeX color extensions (UK)
 (d:/latex/texlive/2022/texmf-dist/tex/latex/graphics-cfg/color.cfg
File: color.cfg 2016/01/02 v1.6 sample color configuration
)
Package xcolor Info: Driver file: xetex.def on input line 227.
 (d:/latex/texlive/2022/texmf-dist/tex/latex/graphics/mathcolor.ltx)
Package xcolor Info: Model `cmy' substituted by `cmy0' on input line 1353.
Package xcolor Info: Model `RGB' extended on input line 1369.
Package xcolor Info: Model `HTML' substituted by `rgb' on input line 1371.
Package xcolor Info: Model `Hsb' substituted by `hsb' on input line 1372.
Package xcolor Info: Model `tHsb' substituted by `hsb' on input line 1373.
Package xcolor Info: Model `HSB' substituted by `hsb' on input line 1374.
Package xcolor Info: Model `Gray' substituted by `gray' on input line 1375.
Package xcolor Info: Model `wave' substituted by `hsb' on input line 1376.
)
\l__fdu_info_degree_type_int=\count319

Package xtemplate Info: Declaring object type 'fdu/cover' taking 0 argument(s)
(xtemplate)             on line 1206.

\l__fdu_cover/cover-i/top_skip=\skip86
\l__fdu_cover/cover-i/bottom_skip=\skip87
\l__fdu_cover/cover-i/id/bottom_skip=\skip88
\l__fdu_cover/cover-i/logo/bottom_skip=\skip89
\l__fdu_cover/cover-i/type/bottom_skip=\skip90
\l__fdu_cover/cover-i/degree/bottom_skip=\skip91
\l__fdu_cover/cover-i/title/bottom_skip=\skip92
\l__fdu_cover/cover-i/title-en/bottom_skip=\skip93
\l__fdu_cover/cover-i/info/bottom_skip=\skip94
\l__fdu_cover/cover-ii/top_skip=\skip95
\l__fdu_cover/cover-ii/bottom_skip=\skip96
\l__fdu_cover/cover-ii/title/bottom_skip=\skip97
\l__fdu_cover/cover-ii/name-list/bottom_skip=\skip98
\l__fdu_cover/cover-iii/top_skip=\skip99
\l__fdu_cover/cover-iii/bottom_skip=\skip100
\l__fdu_cover/cover-iii/originality-decl-name/bottom_skip=\skip101
\l__fdu_cover/cover-iii/originality-decl-text/bottom_skip=\skip102
\l__fdu_cover/cover-iii/originality-decl-sig/bottom_skip=\skip103
\l__fdu_cover/cover-iii/authorization-decl-name/bottom_skip=\skip104
\l__fdu_cover/cover-iii/authorization-decl-text/bottom_skip=\skip105
\l__fdu_cover/cover-iii/authorization-decl-sig/bottom_skip=\skip106
\c@currproofctr=\count320
\c@endproofctr=\count321
\c@proof=\count322
\c@curraxiomctr=\count323
\c@endaxiomctr=\count324
\c@axiom=\count325
\c@currcorollaryctr=\count326
\c@endcorollaryctr=\count327
\c@corollary=\count328
\c@currdefinitionctr=\count329
\c@enddefinitionctr=\count330
\c@definition=\count331
\c@currexamplectr=\count332
\c@endexamplectr=\count333
\c@example=\count334
\c@currlemmactr=\count335
\c@endlemmactr=\count336
\c@lemma=\count337
\c@currtheoremctr=\count338
\c@endtheoremctr=\count339
\c@theorem=\count340
) (d:/latex/texlive/2022/texmf-dist/tex/latex/hyperref/hyperref.sty
Package: hyperref 2022-11-13 v7.00u Hypertext links for LaTeX
 (d:/latex/texlive/2022/texmf-dist/tex/generic/ltxcmds/ltxcmds.sty
Package: ltxcmds 2020-05-10 v1.25 LaTeX kernel commands for general use (HO)
) (d:/latex/texlive/2022/texmf-dist/tex/generic/pdftexcmds/pdftexcmds.sty
Package: pdftexcmds 2020-06-27 v0.33 Utility functions of pdfTeX for LuaTeX (HO)
 (d:/latex/texlive/2022/texmf-dist/tex/generic/infwarerr/infwarerr.sty
Package: infwarerr 2019/12/03 v1.5 Providing info/warning/error messages (HO)
)
Package pdftexcmds Info: \pdf@primitive is available.
Package pdftexcmds Info: \pdf@ifprimitive is available.
Package pdftexcmds Info: \pdfdraftmode not found.
) (d:/latex/texlive/2022/texmf-dist/tex/latex/kvsetkeys/kvsetkeys.sty
Package: kvsetkeys 2022-10-05 v1.19 Key value parser (HO)
) (d:/latex/texlive/2022/texmf-dist/tex/generic/kvdefinekeys/kvdefinekeys.sty
Package: kvdefinekeys 2019-12-19 v1.6 Define keys (HO)
) (d:/latex/texlive/2022/texmf-dist/tex/generic/pdfescape/pdfescape.sty
Package: pdfescape 2019/12/09 v1.15 Implements pdfTeX's escape features (HO)
) (d:/latex/texlive/2022/texmf-dist/tex/latex/hycolor/hycolor.sty
Package: hycolor 2020-01-27 v1.10 Color options for hyperref/bookmark (HO)
) (d:/latex/texlive/2022/texmf-dist/tex/latex/letltxmacro/letltxmacro.sty
Package: letltxmacro 2019/12/03 v1.6 Let assignment for LaTeX macros (HO)
) (d:/latex/texlive/2022/texmf-dist/tex/latex/auxhook/auxhook.sty
Package: auxhook 2019-12-17 v1.6 Hooks for auxiliary files (HO)
) (d:/latex/texlive/2022/texmf-dist/tex/latex/hyperref/nameref.sty
Package: nameref 2022-05-17 v2.50 Cross-referencing by name of section
 (d:/latex/texlive/2022/texmf-dist/tex/latex/refcount/refcount.sty
Package: refcount 2019/12/15 v3.6 Data extraction from label references (HO)
) (d:/latex/texlive/2022/texmf-dist/tex/generic/gettitlestring/gettitlestring.sty
Package: gettitlestring 2019/12/15 v1.6 Cleanup title references (HO)
 (d:/latex/texlive/2022/texmf-dist/tex/latex/kvoptions/kvoptions.sty
Package: kvoptions 2022-06-15 v3.15 Key value format for package options (HO)
))
\c@section@level=\count341
)
\@linkdim=\dimen269
\Hy@linkcounter=\count342
\Hy@pagecounter=\count343
 (d:/latex/texlive/2022/texmf-dist/tex/latex/hyperref/pd1enc.def
File: pd1enc.def 2022-11-13 v7.00u Hyperref: PDFDocEncoding definition (HO)
) (d:/latex/texlive/2022/texmf-dist/tex/generic/intcalc/intcalc.sty
Package: intcalc 2019/12/15 v1.3 Expandable calculations with integers (HO)
) (d:/latex/texlive/2022/texmf-dist/tex/generic/etexcmds/etexcmds.sty
Package: etexcmds 2019/12/15 v1.7 Avoid name clashes with e-TeX commands (HO)
)
\Hy@SavedSpaceFactor=\count344
 (d:/latex/texlive/2022/texmf-dist/tex/latex/hyperref/puenc.def
File: puenc.def 2022-11-13 v7.00u Hyperref: PDF Unicode definition (HO)
)
Package hyperref Info: Option `unicode' set `true' on input line 4045.
Package hyperref Info: Hyper figures OFF on input line 4162.
Package hyperref Info: Link nesting OFF on input line 4167.
Package hyperref Info: Hyper index ON on input line 4170.
Package hyperref Info: Plain pages OFF on input line 4177.
Package hyperref Info: Backreferencing OFF on input line 4182.
Package hyperref Info: Implicit mode ON; LaTeX internals redefined.
Package hyperref Info: Bookmarks ON on input line 4410.
\c@Hy@tempcnt=\count345
 (d:/latex/texlive/2022/texmf-dist/tex/latex/url/url.sty
\Urlmuskip=\muskip19
Package: url 2013/09/16  ver 3.4  Verb mode for urls, etc.
)
LaTeX Info: Redefining \url on input line 4748.
\XeTeXLinkMargin=\dimen270
 (d:/latex/texlive/2022/texmf-dist/tex/generic/bitset/bitset.sty
Package: bitset 2019/12/09 v1.3 Handle bit-vector datatype (HO)
 (d:/latex/texlive/2022/texmf-dist/tex/generic/bigintcalc/bigintcalc.sty
Package: bigintcalc 2019/12/15 v1.5 Expandable calculations on big integers (HO)
))
\Fld@menulength=\count346
\Field@Width=\dimen271
\Fld@charsize=\dimen272
Package hyperref Info: Hyper figures OFF on input line 6027.
Package hyperref Info: Link nesting OFF on input line 6032.
Package hyperref Info: Hyper index ON on input line 6035.
Package hyperref Info: backreferencing OFF on input line 6042.
Package hyperref Info: Link coloring OFF on input line 6047.
Package hyperref Info: Link coloring with OCG OFF on input line 6052.
Package hyperref Info: PDF/A mode OFF on input line 6057.
 (d:/latex/texlive/2022/texmf-dist/tex/latex/base/atbegshi-ltx.sty
Package: atbegshi-ltx 2021/01/10 v1.0c Emulation of the original atbegshi
package with kernel methods
)
\Hy@abspage=\count347
\c@Item=\count348
\c@Hfootnote=\count349
)
Package hyperref Info: Driver (autodetected): hxetex.
 (d:/latex/texlive/2022/texmf-dist/tex/latex/hyperref/hxetex.def
File: hxetex.def 2022-11-13 v7.00u Hyperref driver for XeTeX
 (d:/latex/texlive/2022/texmf-dist/tex/generic/stringenc/stringenc.sty
Package: stringenc 2019/11/29 v1.12 Convert strings between diff. encodings (HO)
)
\pdfm@box=\box63
\c@Hy@AnnotLevel=\count350
\HyField@AnnotCount=\count351
\Fld@listcount=\count352
\c@bookmark@seq@number=\count353
 (d:/latex/texlive/2022/texmf-dist/tex/latex/rerunfilecheck/rerunfilecheck.sty
Package: rerunfilecheck 2022-07-10 v1.10 Rerun checks for auxiliary files (HO)
 (d:/latex/texlive/2022/texmf-dist/tex/latex/base/atveryend-ltx.sty
Package: atveryend-ltx 2020/08/19 v1.0a Emulation of the original atveryend package
with kernel methods
) (d:/latex/texlive/2022/texmf-dist/tex/generic/uniquecounter/uniquecounter.sty
Package: uniquecounter 2019/12/15 v1.4 Provide unlimited unique counter (HO)
)
Package uniquecounter Info: New unique counter `rerunfilecheck' on input line 285.
)
\Hy@SectionHShift=\skip107
) (d:/latex/texlive/2022/texmf-dist/tex/latex/physics/physics.sty
Package: physics 
) (d:/latex/texlive/2022/texmf-dist/tex/latex/subfigure/subfigure.sty
Package: subfigure 2002/03/15 v2.1.5 subfigure package
\subfigtopskip=\skip108
\subfigcapskip=\skip109
\subfigcaptopadj=\dimen273
\subfigbottomskip=\skip110
\subfigcapmargin=\dimen274
\subfiglabelskip=\skip111
\c@subfigure=\count354
\c@lofdepth=\count355
\c@subtable=\count356
\c@lotdepth=\count357

****************************************
* Local config file subfigure.cfg used *
****************************************
(d:/latex/texlive/2022/texmf-dist/tex/latex/subfigure/subfigure.cfg)
\subfig@top=\skip112
\subfig@bottom=\skip113
) (d:/latex/texlive/2022/texmf-dist/tex/latex/float/float.sty
Package: float 2001/11/08 v1.3d Float enhancements (AL)
\c@float@type=\count358
\float@exts=\toks43
\float@box=\box64
\@float@everytoks=\toks44
\@floatcapt=\box65
) (d:/latex/texlive/2022/texmf-dist/tex/latex/multirow/multirow.sty
Package: multirow 2021/03/15 v2.8 Span multiple rows of a table
\multirow@colwidth=\skip114
\multirow@cntb=\count359
\multirow@dima=\skip115
\bigstrutjot=\dimen275
) (d:/latex/texlive/2022/texmf-dist/tex/latex/diagbox/diagbox.sty
Package: diagbox 2020/02/09 v2.3 Making table heads with diagonal lines
 (d:/latex/texlive/2022/texmf-dist/tex/latex/pict2e/pict2e.sty
Package: pict2e 2020/09/30 v0.4b Improved picture commands (HjG,RN,JT)
 (d:/latex/texlive/2022/texmf-dist/tex/latex/pict2e/pict2e.cfg
File: pict2e.cfg 2016/02/05 v0.1u pict2e configuration for teTeX/TeXLive
)
Package pict2e Info: Driver file: xetex.def on input line 112.
Package pict2e Info: Driver file for pict2e: p2e-xetex.def on input line 114.
 (d:/latex/texlive/2022/texmf-dist/tex/latex/pict2e/p2e-xetex.def
File: p2e-xetex.def 2016/02/05 v0.1u Driver-dependant file (RN,HjG,JT)
)
\pIIe@GRAPH=\toks45
\@arclen=\dimen276
\@arcrad=\dimen277
\pIIe@tempdima=\dimen278
\pIIe@tempdimb=\dimen279
\pIIe@tempdimc=\dimen280
\pIIe@tempdimd=\dimen281
\pIIe@tempdime=\dimen282
\pIIe@tempdimf=\dimen283
) (d:/latex/texlive/2022/texmf-dist/tex/latex/tools/calc.sty
Package: calc 2017/05/25 v4.3 Infix arithmetic (KKT,FJ)
\calc@Acount=\count360
\calc@Bcount=\count361
\calc@Adimen=\dimen284
\calc@Bdimen=\dimen285
\calc@Askip=\skip116
\calc@Bskip=\skip117
LaTeX Info: Redefining \setlength on input line 80.
LaTeX Info: Redefining \addtolength on input line 81.
\calc@Ccount=\count362
\calc@Cskip=\skip118
) (d:/latex/texlive/2022/texmf-dist/tex/latex/tools/array.sty
Package: array 2022/09/04 v2.5g Tabular extension package (FMi)
\col@sep=\dimen286
\ar@mcellbox=\box66
\extrarowheight=\dimen287
\NC@list=\toks46
\extratabsurround=\skip119
\backup@length=\skip120
\ar@cellbox=\box67
)
\diagbox@boxa=\box68
\diagbox@boxb=\box69
\diagbox@boxm=\box70
\diagbox@wd=\dimen288
\diagbox@ht=\dimen289
\diagbox@insepl=\dimen290
\diagbox@insepr=\dimen291
\diagbox@outsepl=\dimen292
\diagbox@outsepr=\dimen293
))

Package fontspec Info: Font family 'XITS(0)' created for font 'XITS' with
(fontspec)             options
(fontspec)             [Ligatures=TeX,Extension=.otf,UprightFont=*-Regular,BoldFont=*-Bold,ItalicFont=*-Italic,BoldItalicFont=*-BoldItalic].
(fontspec)              
(fontspec)              This font family consists of the following NFSS
(fontspec)             series/shapes:
(fontspec)              
(fontspec)             - 'normal' (m/n) with NFSS spec.:
(fontspec)             <->"[XITS-Regular.otf]/OT:script=latn;language=dflt;mapping=tex-text;"
(fontspec)             - 'small caps'  (m/sc) with NFSS spec.:
(fontspec)             <->"[XITS-Regular.otf]/OT:script=latn;language=dflt;+smcp;mapping=tex-text;"
(fontspec)             - 'bold' (b/n) with NFSS spec.:
(fontspec)             <->"[XITS-Bold.otf]/OT:script=latn;language=dflt;mapping=tex-text;"
(fontspec)             - 'bold small caps'  (b/sc) with NFSS spec.: 
(fontspec)             - 'italic' (m/it) with NFSS spec.:
(fontspec)             <->"[XITS-Italic.otf]/OT:script=latn;language=dflt;mapping=tex-text;"
(fontspec)             - 'italic small caps'  (m/scit) with NFSS spec.: 
(fontspec)             - 'bold italic' (b/it) with NFSS spec.:
(fontspec)             <->"[XITS-BoldItalic.otf]/OT:script=latn;language=dflt;mapping=tex-text;"
(fontspec)             - 'bold italic small caps'  (b/scit) with NFSS spec.: 


Package fontspec Info: Font family 'XITS(1)' created for font 'XITS' with
(fontspec)             options
(fontspec)             [Extension=.otf,UprightFont=*-Regular,BoldFont=*-Bold,ItalicFont=*-Italic,BoldItalicFont=*-BoldItalic].
(fontspec)              
(fontspec)              This font family consists of the following NFSS
(fontspec)             series/shapes:
(fontspec)              
(fontspec)             - 'normal' (m/n) with NFSS spec.:
(fontspec)             <->"[XITS-Regular.otf]/OT:script=latn;language=dflt;"
(fontspec)             - 'small caps'  (m/sc) with NFSS spec.:
(fontspec)             <->"[XITS-Regular.otf]/OT:script=latn;language=dflt;+smcp;"
(fontspec)             - 'bold' (b/n) with NFSS spec.:
(fontspec)             <->"[XITS-Bold.otf]/OT:script=latn;language=dflt;"
(fontspec)             - 'bold small caps'  (b/sc) with NFSS spec.: 
(fontspec)             - 'italic' (m/it) with NFSS spec.:
(fontspec)             <->"[XITS-Italic.otf]/OT:script=latn;language=dflt;"
(fontspec)             - 'italic small caps'  (m/scit) with NFSS spec.: 
(fontspec)             - 'bold italic' (b/it) with NFSS spec.:
(fontspec)             <->"[XITS-BoldItalic.otf]/OT:script=latn;language=dflt;"
(fontspec)             - 'bold italic small caps'  (b/scit) with NFSS spec.: 

LaTeX Font Info:    Overwriting math alphabet `\mathrm' in version `normal'
(Font)                  OT1/cmr/m/n --> TU/XITS(1)/m/n on input line 47.
LaTeX Font Info:    Overwriting math alphabet `\mathit' in version `normal'
(Font)                  OT1/cmr/m/it --> TU/XITS(1)/m/it on input line 47.
LaTeX Font Info:    Overwriting math alphabet `\mathbf' in version `normal'
(Font)                  OT1/cmr/bx/n --> TU/XITS(1)/b/n on input line 47.

Package fontspec Info: Font family 'texgyreheros(0)' created for font
(fontspec)             'texgyreheros' with options
(fontspec)             [Ligatures=TeX,Extension=.otf,UprightFont=*-regular,BoldFont=*-bold,ItalicFont=*-italic,BoldItalicFont=*-bolditalic].
(fontspec)              
(fontspec)              This font family consists of the following NFSS
(fontspec)             series/shapes:
(fontspec)              
(fontspec)             - 'normal' (m/n) with NFSS spec.:
(fontspec)             <->"[texgyreheros-regular.otf]/OT:script=latn;language=dflt;mapping=tex-text;"
(fontspec)             - 'small caps'  (m/sc) with NFSS spec.:
(fontspec)             <->"[texgyreheros-regular.otf]/OT:script=latn;language=dflt;+smcp;mapping=tex-text;"
(fontspec)             - 'bold' (b/n) with NFSS spec.:
(fontspec)             <->"[texgyreheros-bold.otf]/OT:script=latn;language=dflt;mapping=tex-text;"
(fontspec)             - 'bold small caps'  (b/sc) with NFSS spec.:
(fontspec)             <->"[texgyreheros-bold.otf]/OT:script=latn;language=dflt;+smcp;mapping=tex-text;"
(fontspec)             - 'italic' (m/it) with NFSS spec.:
(fontspec)             <->"[texgyreheros-italic.otf]/OT:script=latn;language=dflt;mapping=tex-text;"
(fontspec)             - 'italic small caps'  (m/scit) with NFSS spec.:
(fontspec)             <->"[texgyreheros-italic.otf]/OT:script=latn;language=dflt;+smcp;mapping=tex-text;"
(fontspec)             - 'bold italic' (b/it) with NFSS spec.:
(fontspec)             <->"[texgyreheros-bolditalic.otf]/OT:script=latn;language=dflt;mapping=tex-text;"
(fontspec)             - 'bold italic small caps'  (b/scit) with NFSS spec.:
(fontspec)             <->"[texgyreheros-bolditalic.otf]/OT:script=latn;language=dflt;+smcp;mapping=tex-text;"


Package fontspec Info: Font family 'texgyreheros(1)' created for font
(fontspec)             'texgyreheros' with options
(fontspec)             [Extension=.otf,UprightFont=*-regular,BoldFont=*-bold,ItalicFont=*-italic,BoldItalicFont=*-bolditalic].
(fontspec)              
(fontspec)              This font family consists of the following NFSS
(fontspec)             series/shapes:
(fontspec)              
(fontspec)             - 'normal' (m/n) with NFSS spec.:
(fontspec)             <->"[texgyreheros-regular.otf]/OT:script=latn;language=dflt;"
(fontspec)             - 'small caps'  (m/sc) with NFSS spec.:
(fontspec)             <->"[texgyreheros-regular.otf]/OT:script=latn;language=dflt;+smcp;"
(fontspec)             - 'bold' (b/n) with NFSS spec.:
(fontspec)             <->"[texgyreheros-bold.otf]/OT:script=latn;language=dflt;"
(fontspec)             - 'bold small caps'  (b/sc) with NFSS spec.:
(fontspec)             <->"[texgyreheros-bold.otf]/OT:script=latn;language=dflt;+smcp;"
(fontspec)             - 'italic' (m/it) with NFSS spec.:
(fontspec)             <->"[texgyreheros-italic.otf]/OT:script=latn;language=dflt;"
(fontspec)             - 'italic small caps'  (m/scit) with NFSS spec.:
(fontspec)             <->"[texgyreheros-italic.otf]/OT:script=latn;language=dflt;+smcp;"
(fontspec)             - 'bold italic' (b/it) with NFSS spec.:
(fontspec)             <->"[texgyreheros-bolditalic.otf]/OT:script=latn;language=dflt;"
(fontspec)             - 'bold italic small caps'  (b/scit) with NFSS spec.:
(fontspec)             <->"[texgyreheros-bolditalic.otf]/OT:script=latn;language=dflt;+smcp;"

LaTeX Font Info:    Overwriting math alphabet `\mathsf' in version `normal'
(Font)                  OT1/cmss/m/n --> TU/texgyreheros(1)/m/n on input line 47.
LaTeX Font Info:    Overwriting math alphabet `\mathsf' in version `bold'
(Font)                  OT1/cmss/bx/n --> TU/texgyreheros(1)/b/n on input line 47.

Package fontspec Info: Font family 'texgyrecursor(0)' created for font
(fontspec)             'texgyrecursor' with options
(fontspec)             [WordSpace={1,0,0},HyphenChar=None,PunctuationSpace=WordSpace,Extension=.otf,UprightFont=*-regular,BoldFont=*-bold,ItalicFont=*-italic,BoldItalicFont=*-bolditalic,Ligatures=CommonOff].
(fontspec)              
(fontspec)              This font family consists of the following NFSS
(fontspec)             series/shapes:
(fontspec)              
(fontspec)             - 'normal' (m/n) with NFSS spec.:
(fontspec)             <->"[texgyrecursor-regular.otf]/OT:script=latn;language=dflt;-liga;"
(fontspec)             - 'small caps'  (m/sc) with NFSS spec.:
(fontspec)             <->"[texgyrecursor-regular.otf]/OT:script=latn;language=dflt;-liga;+smcp;"
(fontspec)             and font adjustment code:
(fontspec)             \fontdimen 2\font =1\fontdimen 2\font \fontdimen 3\font
(fontspec)             =0\fontdimen 3\font \fontdimen 4\font =0\fontdimen
(fontspec)             4\font \fontdimen 7\font =0\fontdimen 2\font
(fontspec)             \tex_hyphenchar:D \font =-1\scan_stop: 
(fontspec)             - 'bold' (b/n) with NFSS spec.:
(fontspec)             <->"[texgyrecursor-bold.otf]/OT:script=latn;language=dflt;-liga;"
(fontspec)             - 'bold small caps'  (b/sc) with NFSS spec.:
(fontspec)             <->"[texgyrecursor-bold.otf]/OT:script=latn;language=dflt;-liga;+smcp;"
(fontspec)             and font adjustment code:
(fontspec)             \fontdimen 2\font =1\fontdimen 2\font \fontdimen 3\font
(fontspec)             =0\fontdimen 3\font \fontdimen 4\font =0\fontdimen
(fontspec)             4\font \fontdimen 7\font =0\fontdimen 2\font
(fontspec)             \tex_hyphenchar:D \font =-1\scan_stop: 
(fontspec)             - 'italic' (m/it) with NFSS spec.:
(fontspec)             <->"[texgyrecursor-italic.otf]/OT:script=latn;language=dflt;-liga;"
(fontspec)             - 'italic small caps'  (m/scit) with NFSS spec.:
(fontspec)             <->"[texgyrecursor-italic.otf]/OT:script=latn;language=dflt;-liga;+smcp;"
(fontspec)             and font adjustment code:
(fontspec)             \fontdimen 2\font =1\fontdimen 2\font \fontdimen 3\font
(fontspec)             =0\fontdimen 3\font \fontdimen 4\font =0\fontdimen
(fontspec)             4\font \fontdimen 7\font =0\fontdimen 2\font
(fontspec)             \tex_hyphenchar:D \font =-1\scan_stop: 
(fontspec)             - 'bold italic' (b/it) with NFSS spec.:
(fontspec)             <->"[texgyrecursor-bolditalic.otf]/OT:script=latn;language=dflt;-liga;"
(fontspec)             - 'bold italic small caps'  (b/scit) with NFSS spec.:
(fontspec)             <->"[texgyrecursor-bolditalic.otf]/OT:script=latn;language=dflt;-liga;+smcp;"
(fontspec)             and font adjustment code:
(fontspec)             \fontdimen 2\font =1\fontdimen 2\font \fontdimen 3\font
(fontspec)             =0\fontdimen 3\font \fontdimen 4\font =0\fontdimen
(fontspec)             4\font \fontdimen 7\font =0\fontdimen 2\font
(fontspec)             \tex_hyphenchar:D \font =-1\scan_stop: 


Package fontspec Info: Font family 'texgyrecursor(1)' created for font
(fontspec)             'texgyrecursor' with options
(fontspec)             [Extension=.otf,UprightFont=*-regular,BoldFont=*-bold,ItalicFont=*-italic,BoldItalicFont=*-bolditalic,Ligatures=CommonOff].
(fontspec)              
(fontspec)              This font family consists of the following NFSS
(fontspec)             series/shapes:
(fontspec)              
(fontspec)             - 'normal' (m/n) with NFSS spec.:
(fontspec)             <->"[texgyrecursor-regular.otf]/OT:script=latn;language=dflt;-liga;"
(fontspec)             - 'small caps'  (m/sc) with NFSS spec.:
(fontspec)             <->"[texgyrecursor-regular.otf]/OT:script=latn;language=dflt;-liga;+smcp;"
(fontspec)             - 'bold' (b/n) with NFSS spec.:
(fontspec)             <->"[texgyrecursor-bold.otf]/OT:script=latn;language=dflt;-liga;"
(fontspec)             - 'bold small caps'  (b/sc) with NFSS spec.:
(fontspec)             <->"[texgyrecursor-bold.otf]/OT:script=latn;language=dflt;-liga;+smcp;"
(fontspec)             - 'italic' (m/it) with NFSS spec.:
(fontspec)             <->"[texgyrecursor-italic.otf]/OT:script=latn;language=dflt;-liga;"
(fontspec)             - 'italic small caps'  (m/scit) with NFSS spec.:
(fontspec)             <->"[texgyrecursor-italic.otf]/OT:script=latn;language=dflt;-liga;+smcp;"
(fontspec)             - 'bold italic' (b/it) with NFSS spec.:
(fontspec)             <->"[texgyrecursor-bolditalic.otf]/OT:script=latn;language=dflt;-liga;"
(fontspec)             - 'bold italic small caps'  (b/scit) with NFSS spec.:
(fontspec)             <->"[texgyrecursor-bolditalic.otf]/OT:script=latn;language=dflt;-liga;+smcp;"

LaTeX Font Info:    Overwriting math alphabet `\mathtt' in version `normal'
(Font)                  OT1/cmtt/m/n --> TU/texgyrecursor(1)/m/n on input line 47.
LaTeX Font Info:    Overwriting math alphabet `\mathtt' in version `bold'
(Font)                  OT1/cmtt/m/n --> TU/texgyrecursor(1)/b/n on input line 47.

Package fontspec Info: Font family 'XITSMath-Regular.otf(0)' created for font
(fontspec)             'XITSMath-Regular.otf' with options
(fontspec)             [BoldItalicFont={},ItalicFont={},SmallCapsFont={},Script=Math,BoldFont={XITSMath-Bold.otf}].
(fontspec)              
(fontspec)              This font family consists of the following NFSS
(fontspec)             series/shapes:
(fontspec)              
(fontspec)             - 'normal' (m/n) with NFSS spec.:
(fontspec)             <->"[XITSMath-Regular.otf]/OT:script=math;language=dflt;"
(fontspec)             - 'small caps'  (m/sc) with NFSS spec.: 
(fontspec)             - 'bold' (b/n) with NFSS spec.:
(fontspec)             <->"[XITSMath-Bold.otf]/OT:script=math;language=dflt;"
(fontspec)             - 'bold small caps'  (b/sc) with NFSS spec.: 


Package fontspec Info: Font family 'XITSMath-Regular.otf(1)' created for font
(fontspec)             'XITSMath-Regular.otf' with options
(fontspec)             [BoldItalicFont={},ItalicFont={},SmallCapsFont={},Script=Math,SizeFeatures={{Size=10.539375-},{Size=8.130375-10.539375,Font=XITSMath-Regular.otf,Style=MathScript},{Size=-8.130375,Font=XITSMath-Regular.otf,Style=MathScriptScript}},BoldFont={XITSMath-Bold.otf}].
(fontspec)              
(fontspec)              This font family consists of the following NFSS
(fontspec)             series/shapes:
(fontspec)              
(fontspec)             - 'normal' (m/n) with NFSS spec.:
(fontspec)             <10.539375->"[XITSMath-Regular.otf]/OT:script=math;language=dflt;"<8.130375-10.539375>"[XITSMath-Regular.otf]/OT:script=math;language=dflt;+ssty=0;"<-8.130375>"[XITSMath-Regular.otf]/OT:script=math;language=dflt;+ssty=1;"
(fontspec)             - 'small caps'  (m/sc) with NFSS spec.: 
(fontspec)             - 'bold' (b/n) with NFSS spec.:
(fontspec)             <->"[XITSMath-Bold.otf]/OT:script=math;language=dflt;"
(fontspec)             - 'bold small caps'  (b/sc) with NFSS spec.: 

LaTeX Font Info:    Encoding `OT1' has changed to `TU' for symbol font
(Font)              `operators' in the math version `normal' on input line 47.
LaTeX Font Info:    Overwriting symbol font `operators' in version `normal'
(Font)                  OT1/cmr/m/n --> TU/XITSMath-Regular.otf(1)/m/n on input line 47.
LaTeX Font Info:    Encoding `OT1' has changed to `TU' for symbol font
(Font)              `operators' in the math version `bold' on input line 47.
LaTeX Font Info:    Overwriting symbol font `operators' in version `bold'
(Font)                  OT1/cmr/bx/n --> TU/XITSMath-Regular.otf(1)/b/n on input line 47.

Package fontspec Info: XITSMath-Regular scale = 1.0001.


Package fontspec Info: XITSMath-Regular scale = 1.0001.


Package fontspec Info: XITSMath-Regular scale = 1.0001.


Package fontspec Info: XITSMath-Regular scale = 1.0001.


Package fontspec Info: XITSMath-Bold scale = 1.0001.


Package fontspec Info: Font family 'XITSMath-Regular.otf(2)' created for font
(fontspec)             'XITSMath-Regular.otf' with options
(fontspec)             [BoldItalicFont={},ItalicFont={},SmallCapsFont={},Script=Math,SizeFeatures={{Size=10.539375-},{Size=8.130375-10.539375,Font=XITSMath-Regular.otf,Style=MathScript},{Size=-8.130375,Font=XITSMath-Regular.otf,Style=MathScriptScript}},BoldFont={XITSMath-Bold.otf},ScaleAgain=1.0001,FontAdjustment={\fontdimen
(fontspec)             8\font =6.9861pt\relax \fontdimen 9\font
(fontspec)             =5.7816pt\relax \fontdimen 10\font =5.7816pt\relax
(fontspec)             \fontdimen 11\font =8.4315pt\relax \fontdimen 12\font
(fontspec)             =5.7816pt\relax \fontdimen 13\font =4.818pt\relax
(fontspec)             \fontdimen 14\font =4.818pt\relax \fontdimen 15\font
(fontspec)             =3.31238pt\relax \fontdimen 16\font =3.01125pt\relax
(fontspec)             \fontdimen 17\font =3.01125pt\relax \fontdimen 18\font
(fontspec)             =4.51688pt\relax \fontdimen 19\font =0.60225pt\relax
(fontspec)             \fontdimen 22\font =3.01125pt\relax \fontdimen 20\font
(fontspec)             =0pt\relax \fontdimen 21\font =0pt\relax }].
(fontspec)              
(fontspec)              This font family consists of the following NFSS
(fontspec)             series/shapes:
(fontspec)              
(fontspec)             - 'normal' (m/n) with NFSS spec.:
(fontspec)             <10.539375->s*[1.0001]"[XITSMath-Regular.otf]/OT:script=math;language=dflt;"<8.130375-10.539375>s*[1.0001]"[XITSMath-Regular.otf]/OT:script=math;language=dflt;+ssty=0;"<-8.130375>s*[1.0001]"[XITSMath-Regular.otf]/OT:script=math;language=dflt;+ssty=1;"
(fontspec)             - 'small caps'  (m/sc) with NFSS spec.: 
(fontspec)             and font adjustment code:
(fontspec)             \fontdimen 8\font =6.9861pt\relax \fontdimen 9\font
(fontspec)             =5.7816pt\relax \fontdimen 10\font =5.7816pt\relax
(fontspec)             \fontdimen 11\font =8.4315pt\relax \fontdimen 12\font
(fontspec)             =5.7816pt\relax \fontdimen 13\font =4.818pt\relax
(fontspec)             \fontdimen 14\font =4.818pt\relax \fontdimen 15\font
(fontspec)             =3.31238pt\relax \fontdimen 16\font =3.01125pt\relax
(fontspec)             \fontdimen 17\font =3.01125pt\relax \fontdimen 18\font
(fontspec)             =4.51688pt\relax \fontdimen 19\font =0.60225pt\relax
(fontspec)             \fontdimen 22\font =3.01125pt\relax \fontdimen 20\font
(fontspec)             =0pt\relax \fontdimen 21\font =0pt\relax 
(fontspec)             - 'bold' (b/n) with NFSS spec.:
(fontspec)             <->s*[1.0001]"[XITSMath-Bold.otf]/OT:script=math;language=dflt;"
(fontspec)             - 'bold small caps'  (b/sc) with NFSS spec.: 
(fontspec)             and font adjustment code:
(fontspec)             \fontdimen 8\font =6.9861pt\relax \fontdimen 9\font
(fontspec)             =5.7816pt\relax \fontdimen 10\font =5.7816pt\relax
(fontspec)             \fontdimen 11\font =8.4315pt\relax \fontdimen 12\font
(fontspec)             =5.7816pt\relax \fontdimen 13\font =4.818pt\relax
(fontspec)             \fontdimen 14\font =4.818pt\relax \fontdimen 15\font
(fontspec)             =3.31238pt\relax \fontdimen 16\font =3.01125pt\relax
(fontspec)             \fontdimen 17\font =3.01125pt\relax \fontdimen 18\font
(fontspec)             =4.51688pt\relax \fontdimen 19\font =0.60225pt\relax
(fontspec)             \fontdimen 22\font =3.01125pt\relax \fontdimen 20\font
(fontspec)             =0pt\relax \fontdimen 21\font =0pt\relax 

LaTeX Font Info:    Encoding `OMS' has changed to `TU' for symbol font
(Font)              `symbols' in the math version `normal' on input line 47.
LaTeX Font Info:    Overwriting symbol font `symbols' in version `normal'
(Font)                  OMS/cmsy/m/n --> TU/XITSMath-Regular.otf(2)/m/n on input line 47.
LaTeX Font Info:    Encoding `OMS' has changed to `TU' for symbol font
(Font)              `symbols' in the math version `bold' on input line 47.
LaTeX Font Info:    Overwriting symbol font `symbols' in version `bold'
(Font)                  OMS/cmsy/b/n --> TU/XITSMath-Regular.otf(2)/b/n on input line 47.

Package fontspec Info: XITSMath-Regular scale = 0.9999.


Package fontspec Info: XITSMath-Regular scale = 0.9999.


Package fontspec Info: XITSMath-Regular scale = 0.9999.


Package fontspec Info: XITSMath-Regular scale = 0.9999.


Package fontspec Info: XITSMath-Bold scale = 0.9999.


Package fontspec Info: Font family 'XITSMath-Regular.otf(3)' created for font
(fontspec)             'XITSMath-Regular.otf' with options
(fontspec)             [BoldItalicFont={},ItalicFont={},SmallCapsFont={},Script=Math,SizeFeatures={{Size=10.539375-},{Size=8.130375-10.539375,Font=XITSMath-Regular.otf,Style=MathScript},{Size=-8.130375,Font=XITSMath-Regular.otf,Style=MathScriptScript}},BoldFont={XITSMath-Bold.otf},ScaleAgain=0.9999,FontAdjustment={\fontdimen
(fontspec)             8\font =0.79497pt\relax \fontdimen 9\font
(fontspec)             =1.80675pt\relax \fontdimen 10\font =1.80675pt\relax
(fontspec)             \fontdimen 11\font =3.6135pt\relax \fontdimen 12\font
(fontspec)             =7.227pt\relax \fontdimen 13\font =0pt\relax }].
(fontspec)              
(fontspec)              This font family consists of the following NFSS
(fontspec)             series/shapes:
(fontspec)              
(fontspec)             - 'normal' (m/n) with NFSS spec.:
(fontspec)             <10.539375->s*[0.9999]"[XITSMath-Regular.otf]/OT:script=math;language=dflt;"<8.130375-10.539375>s*[0.9999]"[XITSMath-Regular.otf]/OT:script=math;language=dflt;+ssty=0;"<-8.130375>s*[0.9999]"[XITSMath-Regular.otf]/OT:script=math;language=dflt;+ssty=1;"
(fontspec)             - 'small caps'  (m/sc) with NFSS spec.: 
(fontspec)             and font adjustment code:
(fontspec)             \fontdimen 8\font =0.79497pt\relax \fontdimen 9\font
(fontspec)             =1.80675pt\relax \fontdimen 10\font =1.80675pt\relax
(fontspec)             \fontdimen 11\font =3.6135pt\relax \fontdimen 12\font
(fontspec)             =7.227pt\relax \fontdimen 13\font =0pt\relax 
(fontspec)             - 'bold' (b/n) with NFSS spec.:
(fontspec)             <->s*[0.9999]"[XITSMath-Bold.otf]/OT:script=math;language=dflt;"
(fontspec)             - 'bold small caps'  (b/sc) with NFSS spec.: 
(fontspec)             and font adjustment code:
(fontspec)             \fontdimen 8\font =0.79497pt\relax \fontdimen 9\font
(fontspec)             =1.80675pt\relax \fontdimen 10\font =1.80675pt\relax
(fontspec)             \fontdimen 11\font =3.6135pt\relax \fontdimen 12\font
(fontspec)             =7.227pt\relax \fontdimen 13\font =0pt\relax 

LaTeX Font Info:    Encoding `OMX' has changed to `TU' for symbol font
(Font)              `largesymbols' in the math version `normal' on input line 47.
LaTeX Font Info:    Overwriting symbol font `largesymbols' in version `normal'
(Font)                  OMX/cmex/m/n --> TU/XITSMath-Regular.otf(3)/m/n on input line 47.
LaTeX Font Info:    Encoding `OMX' has changed to `TU' for symbol font
(Font)              `largesymbols' in the math version `bold' on input line 47.
LaTeX Font Info:    Overwriting symbol font `largesymbols' in version `bold'
(Font)                  OMX/cmex/m/n --> TU/XITSMath-Regular.otf(3)/b/n on input line 47.
 (d:/latex/texlive/2022/texmf-dist/tex/latex/gbt7714/gbt7714.sty
Package: gbt7714 2022/10/03 v2.1.5 GB/T 7714 BibTeX Style
 (d:/latex/texlive/2022/texmf-dist/tex/latex/natbib/natbib.sty
Package: natbib 2010/09/13 8.31b (PWD, AO)
\bibhang=\skip121
\bibsep=\skip122
LaTeX Info: Redefining \cite on input line 694.
\c@NAT@ctr=\count363
))
Package hyperref Info: Option `bookmarksnumbered' set `true' on input line 47.
Package hyperref Info: Option `psdextra' set `true' on input line 47.
 (d:/latex/texlive/2022/texmf-dist/tex/latex/hyperref/puenc-greekbasic.def
File: puenc-greekbasic.def 2022-11-13 v7.00u Hyperref: PDF Unicode definition (greek block) (HO)
) (d:/latex/texlive/2022/texmf-dist/tex/latex/hyperref/psdextra.def
File: psdextra.def 2022-11-13 v7.00u Hyperref: Additions to PDF string support
)
Package hyperref Info: Option `unicode' set `true' on input line 47.
Package hyperref Info: Option `colorlinks' set `true' on input line 47.


Package fontspec Warning: Font "FandolSong-Regular" does not contain requested
(fontspec)                Script "CJK".


Package fontspec Info: Font family 'FandolSong(0)' created for font
(fontspec)             'FandolSong' with options
(fontspec)             [Script={CJK},Extension={.otf},UprightFont={*-Regular},BoldItalicFont={*-Bold},BoldFont={*-Bold},ItalicFont={*-Regular}].
(fontspec)              
(fontspec)              This font family consists of the following NFSS
(fontspec)             series/shapes:
(fontspec)              
(fontspec)             - 'normal' (m/n) with NFSS spec.:
(fontspec)             <->"[FandolSong-Regular.otf]/OT:language=dflt;"
(fontspec)             - 'small caps'  (m/sc) with NFSS spec.: 
(fontspec)             - 'bold' (b/n) with NFSS spec.:
(fontspec)             <->"[FandolSong-Bold.otf]/OT:language=dflt;"
(fontspec)             - 'bold small caps'  (b/sc) with NFSS spec.: 
(fontspec)             - 'italic' (m/it) with NFSS spec.:
(fontspec)             <->"[FandolSong-Regular.otf]/OT:language=dflt;"
(fontspec)             - 'italic small caps'  (m/scit) with NFSS spec.: 
(fontspec)             - 'bold italic' (b/it) with NFSS spec.:
(fontspec)             <->"[FandolSong-Bold.otf]/OT:language=dflt;"
(fontspec)             - 'bold italic small caps'  (b/scit) with NFSS spec.: 

(./main_fudan.aux (./subtex_frontmatter.aux) (./subtex_chapter1.aux) (./subtex_chapter2.aux) (./subtex_chapter3.aux) (./subtex_chapter4.aux) (./subtex_chapter5.aux))
\openout1 = `main_fudan.aux'.

LaTeX Font Info:    Checking defaults for OML/cmm/m/it on input line 47.
LaTeX Font Info:    ... okay on input line 47.
LaTeX Font Info:    Checking defaults for OMS/cmsy/m/n on input line 47.
LaTeX Font Info:    ... okay on input line 47.
LaTeX Font Info:    Checking defaults for OT1/cmr/m/n on input line 47.
LaTeX Font Info:    ... okay on input line 47.
LaTeX Font Info:    Checking defaults for T1/cmr/m/n on input line 47.
LaTeX Font Info:    ... okay on input line 47.
LaTeX Font Info:    Checking defaults for TS1/cmr/m/n on input line 47.
LaTeX Font Info:    ... okay on input line 47.
LaTeX Font Info:    Checking defaults for TU/lmr/m/n on input line 47.
LaTeX Font Info:    ... okay on input line 47.
LaTeX Font Info:    Checking defaults for OMX/cmex/m/n on input line 47.
LaTeX Font Info:    ... okay on input line 47.
LaTeX Font Info:    Checking defaults for U/cmr/m/n on input line 47.
LaTeX Font Info:    ... okay on input line 47.
LaTeX Font Info:    Checking defaults for PD1/pdf/m/n on input line 47.
LaTeX Font Info:    ... okay on input line 47.
LaTeX Font Info:    Checking defaults for PU/pdf/m/n on input line 47.
LaTeX Font Info:    ... okay on input line 47.

*geometry* driver: auto-detecting
*geometry* detected driver: xetex
*geometry* verbose mode - [ preamble ] result:
* driver: xetex
* paper: a4paper
* layout: <same size as paper>
* layoutoffset:(h,v)=(0.0pt,0.0pt)
* modes: twoside 
* h-part:(L,W,R)=(90.47955pt, 416.54877pt, 90.47955pt)
* v-part:(T,H,B)=(72.2698pt, 700.50723pt, 72.2698pt)
* \paperwidth=597.50787pt
* \paperheight=845.04684pt
* \textwidth=416.54877pt
* \textheight=700.50723pt
* \oddsidemargin=18.20956pt
* \evensidemargin=18.20956pt
* \topmargin=-34.87398pt
* \headheight=15.0pt
* \headsep=19.8738pt
* \topskip=12.0pt
* \footskip=30.0pt
* \marginparwidth=98.0pt
* \marginparsep=7.0pt
* \columnsep=10.0pt
* \skip\footins=10.8pt plus 4.0pt minus 2.0pt
* \hoffset=0.0pt
* \voffset=0.0pt
* \mag=1000
* \@twocolumnfalse
* \@twosidetrue
* \@mparswitchtrue
* \@reversemarginfalse
* (1in=72.27pt=25.4mm, 1cm=28.453pt)

Package caption Info: Begin \AtBeginDocument code.
Package caption Info: float package is loaded.
Package caption Info: hyperref package is loaded.
Package caption Info: subfigure package is loaded.
Package caption Info: End \AtBeginDocument code.
Package hyperref Info: Link coloring ON on input line 47.
(./main_fudan.out) (./main_fudan.out)
\@outlinefile=\write3
\openout3 = `main_fudan.out'.

LaTeX Font Info:    Font shape `TU/XITSMath-Regular.otf(2)/m/n' will be
(Font)              scaled to size 9.0347pt on input line 47.
LaTeX Font Info:    Font shape `TU/XITSMath-Regular.otf(2)/m/n' will be
(Font)              scaled to size 6.00064pt on input line 47.
LaTeX Font Info:    Font shape `TU/XITSMath-Regular.otf(2)/m/n' will be
(Font)              scaled to size 5.00053pt on input line 47.
LaTeX Font Info:    Font shape `TU/XITSMath-Regular.otf(3)/m/n' will be
(Font)              scaled to size 9.03276pt on input line 47.
LaTeX Font Info:    Font shape `TU/XITSMath-Regular.otf(3)/m/n' will be
(Font)              scaled to size 5.99936pt on input line 47.
LaTeX Font Info:    Font shape `TU/XITSMath-Regular.otf(3)/m/n' will be
(Font)              scaled to size 4.99947pt on input line 47.
File: fudan-name.pdf Graphic file (type pdf)
<use fudan-name.pdf>
LaTeX Font Info:    Font shape `TU/XITSMath-Regular.otf(2)/m/n' will be
(Font)              scaled to size 18.06941pt on input line 47.
LaTeX Font Info:    Font shape `TU/XITSMath-Regular.otf(2)/m/n' will be
(Font)              scaled to size 15.05785pt on input line 47.
LaTeX Font Info:    Font shape `TU/XITSMath-Regular.otf(2)/m/n' will be
(Font)              scaled to size 12.04628pt on input line 47.
LaTeX Font Info:    Font shape `TU/XITSMath-Regular.otf(3)/m/n' will be
(Font)              scaled to size 18.06555pt on input line 47.
LaTeX Font Info:    Font shape `TU/XITSMath-Regular.otf(3)/m/n' will be
(Font)              scaled to size 15.05463pt on input line 47.
LaTeX Font Info:    Font shape `TU/XITSMath-Regular.otf(3)/m/n' will be
(Font)              scaled to size 12.0437pt on input line 47.
LaTeX Font Info:    Font shape `TU/XITSMath-Regular.otf(2)/m/n' will be
(Font)              scaled to size 14.05399pt on input line 47.
LaTeX Font Info:    Font shape `TU/XITSMath-Regular.otf(2)/m/n' will be
(Font)              scaled to size 10.54048pt on input line 47.
LaTeX Font Info:    Font shape `TU/XITSMath-Regular.otf(2)/m/n' will be
(Font)              scaled to size 7.52892pt on input line 47.
LaTeX Font Info:    Font shape `TU/XITSMath-Regular.otf(3)/m/n' will be
(Font)              scaled to size 14.05098pt on input line 47.
LaTeX Font Info:    Font shape `TU/XITSMath-Regular.otf(3)/m/n' will be
(Font)              scaled to size 10.53824pt on input line 47.
LaTeX Font Info:    Font shape `TU/XITSMath-Regular.otf(3)/m/n' will be
(Font)              scaled to size 7.52731pt on input line 47.
LaTeX Font Info:    Font shape `TU/XITSMath-Regular.otf(2)/m/n' will be
(Font)              scaled to size 7.00075pt on input line 47.
LaTeX Font Info:    Font shape `TU/XITSMath-Regular.otf(3)/m/n' will be
(Font)              scaled to size 6.99925pt on input line 47.
 [1


]

Package fontspec Warning: Font "FandolHei-Regular" does not contain requested
(fontspec)                Script "CJK".


Package fontspec Info: Font family 'FandolHei(0)' created for font 'FandolHei'
(fontspec)             with options
(fontspec)             [Script={CJK},Extension={.otf},UprightFont={*-Regular},BoldItalicFont={*-Bold},BoldFont={*-Bold},ItalicFont={*-Regular}].
(fontspec)              
(fontspec)              This font family consists of the following NFSS
(fontspec)             series/shapes:
(fontspec)              
(fontspec)             - 'normal' (m/n) with NFSS spec.:
(fontspec)             <->"[FandolHei-Regular.otf]/OT:language=dflt;"
(fontspec)             - 'small caps'  (m/sc) with NFSS spec.: 
(fontspec)             - 'bold' (b/n) with NFSS spec.:
(fontspec)             <->"[FandolHei-Bold.otf]/OT:language=dflt;"
(fontspec)             - 'bold small caps'  (b/sc) with NFSS spec.: 
(fontspec)             - 'italic' (m/it) with NFSS spec.:
(fontspec)             <->"[FandolHei-Regular.otf]/OT:language=dflt;"
(fontspec)             - 'italic small caps'  (m/scit) with NFSS spec.: 
(fontspec)             - 'bold italic' (b/it) with NFSS spec.:
(fontspec)             <->"[FandolHei-Bold.otf]/OT:language=dflt;"
(fontspec)             - 'bold italic small caps'  (b/scit) with NFSS spec.: 

[2]
\openout2 = `subtex_frontmatter.aux'.

 (./subtex_frontmatter.tex (./main_fudan.toc

Package fontspec Warning: Font "FandolKai-Regular" does not contain requested
(fontspec)                Script "CJK".


Package fontspec Info: Font family 'FandolKai(0)' created for font 'FandolKai'
(fontspec)             with options
(fontspec)             [Script={CJK},Extension={.otf},UprightFont={*-Regular},BoldItalicFont={*-Regular},BoldFont={*-Regular},ItalicFont={*-Regular}].
(fontspec)              
(fontspec)              This font family consists of the following NFSS
(fontspec)             series/shapes:
(fontspec)              
(fontspec)             - 'normal' (m/n) with NFSS spec.:
(fontspec)             <->"[FandolKai-Regular.otf]/OT:language=dflt;"
(fontspec)             - 'small caps'  (m/sc) with NFSS spec.: 
(fontspec)             - 'bold' (b/n) with NFSS spec.:
(fontspec)             <->"[FandolKai-Regular.otf]/OT:language=dflt;"
(fontspec)             - 'bold small caps'  (b/sc) with NFSS spec.: 
(fontspec)             - 'italic' (m/it) with NFSS spec.:
(fontspec)             <->"[FandolKai-Regular.otf]/OT:language=dflt;"
(fontspec)             - 'italic small caps'  (m/scit) with NFSS spec.: 
(fontspec)             - 'bold italic' (b/it) with NFSS spec.:
(fontspec)             <->"[FandolKai-Regular.otf]/OT:language=dflt;"
(fontspec)             - 'bold italic small caps'  (b/scit) with NFSS spec.: 

[1



] [2])
\tf@toc=\write4
\openout4 = `main_fudan.toc'.

 [3] [4

] (./main_fudan.lof [5])
\tf@lof=\write5
\openout5 = `main_fudan.lof'.

 [6] [7

] [8

] [9] [10

]) [11] [12



]
\openout2 = `subtex_chapter1.aux'.

 (./subtex_chapter1.tex
1
) [1


]
\openout2 = `subtex_chapter2.aux'.

 (./subtex_chapter2.tex [2




]
2
File: fig/2-fig/.drawio.pdf Graphic file (type pdf)
<use fig/2-fig/.drawio.pdf>
File: fig/2-fig/.drawio.pdf Graphic file (type pdf)
<use fig/2-fig/.drawio.pdf>
[3]
File: fig/2-fig/.jpg Graphic file (type bmp)
<fig/2-fig/.jpg>
 [4]
File: fig/2-fig/.drawio.pdf Graphic file (type pdf)
<use fig/2-fig/.drawio.pdf>
File: fig/2-fig/.pdf Graphic file (type pdf)
<use fig/2-fig/.pdf>
 [5] [6]
File: fig/2-fig/.pdf Graphic file (type pdf)
<use fig/2-fig/.pdf>
File: fig/2-fig/.pdf Graphic file (type pdf)
<use fig/2-fig/.pdf>
 [7] [8]) [9]
\openout2 = `subtex_chapter3.aux'.

 (./subtex_chapter3.tex [10




]
3
File: fig/3-fig/.pdf Graphic file (type pdf)
<use fig/3-fig/.pdf>
File: fig/3-fig/.jpg Graphic file (type bmp)
<fig/3-fig/.jpg>
[11]
File: fig/3-fig/.jpg Graphic file (type bmp)
<fig/3-fig/.jpg>
 [12]
File: fig/3-fig/.jpg Graphic file (type bmp)
<fig/3-fig/.jpg>
File: fig/3-fig/PACE1000.jpg Graphic file (type bmp)
<fig/3-fig/PACE1000.jpg>
 [13]
File: fig/3-fig/.png Graphic file (type bmp)
<fig/3-fig/.png>
File: fig/3-fig/.pdf Graphic file (type pdf)
<use fig/3-fig/.pdf>
File: fig/3-fig/.jpg Graphic file (type bmp)
<fig/3-fig/.jpg>
 [14]
File: fig/3-fig/.png Graphic file (type bmp)
<fig/3-fig/.png>
File: fig/3-fig/-.jpg Graphic file (type bmp)
<fig/3-fig/-.jpg>
File: fig/3-fig/-.pdf Graphic file (type pdf)
<use fig/3-fig/-.pdf>
 [15]
File: fig/3-fig/-.jpg Graphic file (type bmp)
<fig/3-fig/-.jpg>
File: fig/3-fig/-.jpg Graphic file (type bmp)
<fig/3-fig/-.jpg>
File: fig/3-fig/-.pdf Graphic file (type pdf)
<use fig/3-fig/-.pdf>
File: fig/3-fig/-.jpg Graphic file (type bmp)
<fig/3-fig/-.jpg>
File: fig/3-fig/-.pdf Graphic file (type pdf)
<use fig/3-fig/-.pdf>
 [16]
File: fig/3-fig/.pdf Graphic file (type pdf)
<use fig/3-fig/.pdf>
File: fig/3-fig/.pdf Graphic file (type pdf)
<use fig/3-fig/.pdf>

Underfull \vbox (badness 1005) has occurred while \output is active []

 [17] [18]
File: fig/3-fig/.pdf Graphic file (type pdf)
<use fig/3-fig/.pdf>
 [19]
File: fig/3-fig/.pdf Graphic file (type pdf)
<use fig/3-fig/.pdf>
 [20]
Underfull \vbox (badness 1097) has occurred while \output is active []

 [21]
File: fig/3-fig/.pdf Graphic file (type pdf)
<use fig/3-fig/.pdf>
 [22]) [23]
\openout2 = `subtex_chapter4.aux'.

 (./subtex_chapter4.tex [24




]
4
File: fig/4-fig/.png Graphic file (type bmp)
<fig/4-fig/.png>
[25] [26]
File: fig/4-fig/edpso_.pdf Graphic file (type pdf)
<use fig/4-fig/edpso_.pdf>
 [27]
File: fig/4-fig/edpso_.pdf Graphic file (type pdf)
<use fig/4-fig/edpso_.pdf>
 [28]
File: fig/4-fig/edpso_.pdf Graphic file (type pdf)
<use fig/4-fig/edpso_.pdf>
 [29]
File: fig/4-fig/a.png Graphic file (type bmp)
<fig/4-fig/a.png>
File: fig/4-fig/b.png Graphic file (type bmp)
<fig/4-fig/b.png>

Overfull \hbox (1.10648pt too wide) in paragraph at lines 125--133
 [][] 
 []


Overfull \hbox (1.10648pt too wide) in paragraph at lines 125--133
 [][] 
 []

File: fig/4-fig/.jpg Graphic file (type bmp)
<fig/4-fig/.jpg>

Underfull \vbox (badness 10000) has occurred while \output is active []

 [30]
Underfull \hbox (badness 10000) in paragraph at lines 146--147
[]\TU/FandolSong(0)/m/n/10.53937       $[][][][][]$|         $[][][][][][]   [][][][][][][][]$|        
 []

[31]
File: fig/4-fig/.drawio.pdf Graphic file (type pdf)
<use fig/4-fig/.drawio.pdf>
 [32]
File: fig/4-fig/.jpg Graphic file (type bmp)
<fig/4-fig/.jpg>
 [33] [34]
File: fig/4-fig/.drawio.pdf Graphic file (type pdf)
<use fig/4-fig/.drawio.pdf>
 [35]
File: fig/4-fig/.pdf Graphic file (type pdf)
<use fig/4-fig/.pdf>
 [36] [37]
File: fig/4-fig/rtl_model.drawio.pdf Graphic file (type pdf)
<use fig/4-fig/rtl_model.drawio.pdf>

Overfull \hbox (3.0995pt too wide) in paragraph at lines 256--269
 [][] 
 []

[38]) [39]
\openout2 = `subtex_chapter5.aux'.

 (./subtex_chapter5.tex [40




]
5
File: fig/5-fig/.drawio.pdf Graphic file (type pdf)
<use fig/5-fig/.drawio.pdf>
[41]
Underfull \vbox (badness 10000) has occurred while \output is active []

 [42]
File: fig/5-fig/.jpg Graphic file (type bmp)
<fig/5-fig/.jpg>
File: fig/5-fig/.jpg Graphic file (type bmp)
<fig/5-fig/.jpg>
File: fig/5-fig/a.drawio.pdf Graphic file (type pdf)
<use fig/5-fig/a.drawio.pdf>
File: fig/5-fig/b.drawio.pdf Graphic file (type pdf)
<use fig/5-fig/b.drawio.pdf>

Overfull \hbox (1.10648pt too wide) in paragraph at lines 82--90
 [][] 
 []


Overfull \hbox (1.10648pt too wide) in paragraph at lines 82--90
 [][] 
 []

[43] [44]
File: fig/5-fig/.drawio.pdf Graphic file (type pdf)
<use fig/5-fig/.drawio.pdf>
File: fig/5-fig/LSFR.pdf Graphic file (type pdf)
<use fig/5-fig/LSFR.pdf>

Underfull \hbox (badness 1661) in paragraph at lines 124--125
[]\TU/FandolSong(0)/m/n/10.53937               [][]\TU/XITS(0)/m/n/10.53937 5-7[][]\TU/FandolSong(0)/m/n/10.53937 |    $[][][][][][][][][][][][][][]$ [][]\TU/XITS(0)/m/n/10.53937 5.1.2[][]\TU/FandolSong(0)/m/n/10.53937      
 []


Underfull \hbox (badness 1194) in paragraph at lines 124--125
\TU/FandolSong(0)/m/n/10.53937     | $[][][][][][][][][][][][][][][]$        |       \TU/XITS(0)/m/n/10.53937 N \TU/FandolSong(0)/m/n/10.53937        |
 []

[45]
File: fig/5-fig/.drawio.pdf Graphic file (type pdf)
<use fig/5-fig/.drawio.pdf>
 [46]
File: fig/5-fig/.pdf Graphic file (type pdf)
<use fig/5-fig/.pdf>

Overfull \hbox (3.95322pt too wide) in paragraph at lines 193--214
 [][] 
 []

[47]
File: fig/5-fig/.pdf Graphic file (type pdf)
<use fig/5-fig/.pdf>

Underfull \vbox (badness 10000) has occurred while \output is active []

 [48]
File: fig/5-fig/.pdf Graphic file (type pdf)
<use fig/5-fig/.pdf>

Overfull \hbox (3.68974pt too wide) in paragraph at lines 276--299
 [][] 
 []

[49]
File: fig/5-fig/.jpg Graphic file (type bmp)
<fig/5-fig/.jpg>
File: fig/5-fig/.jpg Graphic file (type bmp)
<fig/5-fig/.jpg>
 [50]
Underfull \hbox (badness 1661) in paragraph at lines 320--321
[]\TU/FandolSong(0)/m/n/10.53937  [][]\TU/XITS(0)/m/n/10.53937 5-4[][]\TU/FandolSong(0)/m/n/10.53937  |       |             \TU/XITS(0)/m/n/10.53937 i$[]$cfg$[]$pso$[]$in$[]$initial$[]$para\TU/FandolSong(0)/m/n/10.53937 |
 []

File: fig/5-fig/.drawio.pdf Graphic file (type pdf)
<use fig/5-fig/.drawio.pdf>
[51]) [52] [53] [54



] (./main_fudan.bbl [55

])
\tf@thm=\write6
\openout6 = `main_fudan.thm'.

 [56] [57

] (./main_fudan.aux (./subtex_frontmatter.aux) (./subtex_chapter1.aux) (./subtex_chapter2.aux) (./subtex_chapter3.aux) (./subtex_chapter4.aux) (./subtex_chapter5.aux))
Package rerunfilecheck Info: File `main_fudan.out' has not changed.
(rerunfilecheck)             Checksum: AF0200656CD30B550562AF17BE7AA27C;11799.
 ) 
Here is how much of TeX's memory you used:
 26813 strings out of 476778
 555431 string characters out of 5806856
 1887973 words of memory out of 5000000
 46453 multiletter control sequences out of 15000+600000
 519922 words of font info for 147 fonts, out of 8000000 for 9000
 1348 hyphenation exceptions out of 8191
 110i,13n,116p,2043b,2311s stack positions out of 10000i,1000n,20000p,200000b,200000s

Output written on main_fudan.pdf (71 pages).
