\BOOKMARK [0][-]{toc.0}{\376\377\166\356\000\040\137\125}{}% 1
\BOOKMARK [0][-]{chapter*.2}{\376\377\144\130\000\040\211\201}{}% 2
\BOOKMARK [0][-]{chapter*.3}{\376\377\000A\000b\000s\000t\000r\000a\000c\000t}{}% 3
\BOOKMARK [0][-]{chapter.1}{\376\377\173\054\0001\172\340\000\040\176\352\213\272}{}% 4
\BOOKMARK [1][-]{section.1.1}{\376\377\0001\000.\0001\000\040\213\376\230\230\147\145\156\220}{chapter.1}% 5
\BOOKMARK [1][-]{section.1.2}{\376\377\0001\000.\0002\000\040\170\024\172\166\200\314\146\157\123\312\141\017\116\111}{chapter.1}% 6
\BOOKMARK [1][-]{section.1.3}{\376\377\0001\000.\0003\000\040\126\375\121\205\131\026\170\024\172\166\163\260\162\266}{chapter.1}% 7
\BOOKMARK [2][-]{subsection.1.3.1}{\376\377\0001\000.\0003\000.\0001\000\040\121\111\150\005\117\115\171\373\155\113\221\317\174\373\176\337}{section.1.3}% 8
\BOOKMARK [2][-]{subsection.1.3.2}{\376\377\0001\000.\0003\000.\0002\000\040\121\111\150\005\150\005\215\335\155\113\221\317}{section.1.3}% 9
\BOOKMARK [1][-]{section.1.4}{\376\377\0001\000.\0004\000\040\116\073\211\201\170\024\172\166\121\205\133\271\124\214\176\323\147\204\133\211\143\222}{chapter.1}% 10
\BOOKMARK [2][-]{subsection.1.4.1}{\376\377\0001\000.\0004\000.\0001\000\040\116\073\211\201\170\024\172\166\121\205\133\271}{section.1.4}% 11
\BOOKMARK [2][-]{subsection.1.4.2}{\376\377\0001\000.\0004\000.\0002\000\040\213\272\145\207\176\323\147\204\133\211\143\222}{section.1.4}% 12
\BOOKMARK [0][-]{chapter.2}{\376\377\173\054\0002\172\340\000\040\121\111\150\005\117\115\171\373\155\113\221\317\123\237\164\006}{}% 13
\BOOKMARK [1][-]{section.2.1}{\376\377\0002\000.\0001\000\040\121\111\150\005\164\006\213\272\127\372\170\100}{chapter.2}% 14
\BOOKMARK [1][-]{section.2.2}{\376\377\0002\000.\0002\000\040\121\111\150\005\117\115\171\373\155\113\221\317\123\237\164\006}{chapter.2}% 15
\BOOKMARK [2][-]{subsection.2.2.1}{\376\377\0002\000.\0002\000.\0001\000\040\121\111\150\005\210\115\134\004\162\171\140\047}{section.2.2}% 16
\BOOKMARK [2][-]{subsection.2.2.2}{\376\377\0002\000.\0002\000.\0002\000\040\121\111\215\357\121\111\172\013\143\250\133\374}{section.2.2}% 17
\BOOKMARK [2][-]{subsection.2.2.3}{\376\377\0002\000.\0002\000.\0003\000\040\131\032\146\156\122\322\230\221\171\373}{section.2.2}% 18
\BOOKMARK [1][-]{section.2.3}{\376\377\0002\000.\0003\000\040\131\026\135\356\136\162\155\211\123\237\164\006}{chapter.2}% 19
\BOOKMARK [2][-]{subsection.2.3.1}{\376\377\0002\000.\0003\000.\0001\000\040\142\315\230\221\163\260\214\141}{section.2.3}% 20
\BOOKMARK [2][-]{subsection.2.3.2}{\376\377\0002\000.\0003\000.\0002\000\040\131\026\135\356\136\162\155\211\142\200\147\057}{section.2.3}% 21
\BOOKMARK [1][-]{section.2.4}{\376\377\0002\000.\0004\000\040\147\054\172\340\134\017\176\323}{chapter.2}% 22
\BOOKMARK [0][-]{chapter.3}{\376\377\173\054\0003\172\340\000\040\131\026\135\356\137\017\121\111\150\005\117\115\171\373\155\113\221\317\174\373\176\337\121\111\215\357\213\276\213\241\124\214\122\006\147\220}{}% 23
\BOOKMARK [1][-]{section.3.1}{\376\377\0003\000.\0001\000\040\121\111\150\005\117\115\171\373\155\113\221\317\174\373\176\337\166\204\213\276\213\241\123\237\122\031}{chapter.3}% 24
\BOOKMARK [1][-]{section.3.2}{\376\377\0003\000.\0002\000\040\131\026\135\356\137\017\121\111\150\005\117\115\171\373\155\113\221\317\174\373\176\337\145\164\117\123\145\271\150\110}{chapter.3}% 25
\BOOKMARK [2][-]{subsection.3.2.1}{\376\377\0003\000.\0002\000.\0001\000\040\121\111\156\220\152\041\127\127\166\204\213\276\213\241}{section.3.2}% 26
\BOOKMARK [2][-]{subsection.3.2.2}{\376\377\0003\000.\0002\000.\0002\000\040\213\373\145\160\131\064\152\041\127\127\166\204\213\276\213\241}{section.3.2}% 27
\BOOKMARK [1][-]{section.3.3}{\376\377\0003\000.\0003\000\040\121\111\215\357\174\373\176\337\166\204\164\074\145\257\167\351\226\065\143\250\133\374}{chapter.3}% 28
\BOOKMARK [2][-]{subsection.3.3.1}{\376\377\0003\000.\0003\000.\0001\000\040\120\117\143\057\121\111\133\146\164\006\213\272}{section.3.3}% 29
\BOOKMARK [2][-]{subsection.3.3.2}{\376\377\0003\000.\0003\000.\0002\000\040\164\074\145\257\167\351\226\065\122\006\147\220}{section.3.3}% 30
\BOOKMARK [1][-]{section.3.4}{\376\377\0003\000.\0004\000\040\147\054\172\340\134\017\176\323}{chapter.3}% 31
\BOOKMARK [0][-]{chapter.4}{\376\377\173\054\0004\172\340\000\040\121\111\150\005\117\115\171\373\155\113\221\317\174\373\176\337\133\236\232\214\123\312\121\166\213\357\135\356\122\006\147\220}{}% 32
\BOOKMARK [1][-]{section.4.1}{\376\377\0004\000.\0001\000\040\121\111\215\357\214\003\213\325\116\016\136\163\123\360\133\211\210\305}{chapter.4}% 33
\BOOKMARK [1][-]{section.4.2}{\376\377\0004\000.\0002\000\040\140\047\200\375\155\113\213\325\124\214\176\323\147\234}{chapter.4}% 34
\BOOKMARK [2][-]{subsection.4.2.1}{\376\377\0004\000.\0002\000.\0001\000\040\167\355\210\114\172\013\117\115\171\373\155\113\213\325}{section.4.2}% 35
\BOOKMARK [2][-]{subsection.4.2.2}{\376\377\0004\000.\0002\000.\0002\000\040\225\177\210\114\172\013\117\115\171\373\155\113\213\325}{section.4.2}% 36
\BOOKMARK [2][-]{subsection.4.2.3}{\376\377\0004\000.\0002\000.\0003\000\040\172\063\133\232\140\047\155\113\221\317}{section.4.2}% 37
\BOOKMARK [1][-]{section.4.3}{\376\377\0004\000.\0003\000\040\213\357\135\356\122\006\147\220}{chapter.4}% 38
\BOOKMARK [2][-]{subsection.4.3.1}{\376\377\0004\000.\0003\000.\0001\000\040\121\111\150\005\227\136\164\006\140\363\213\357\135\356}{section.4.3}% 39
\BOOKMARK [2][-]{subsection.4.3.2}{\376\377\0004\000.\0003\000.\0002\000\040\121\340\117\125\213\357\135\356}{section.4.3}% 40
\BOOKMARK [2][-]{subsection.4.3.3}{\376\377\0004\000.\0003\000.\0003\000\040\155\113\221\317\163\257\130\203\213\357\135\356}{section.4.3}% 41
\BOOKMARK [1][-]{section.4.4}{\376\377\0004\000.\0004\000\040\227\136\121\161\121\111\172\013\121\111\215\357\213\357\135\356}{chapter.4}% 42
\BOOKMARK [2][-]{subsection.4.4.1}{\376\377\0004\000.\0004\000.\0001\000\040\172\172\154\024\142\230\134\004\163\207\213\241\173\227\145\271\154\325}{section.4.4}% 43
\BOOKMARK [2][-]{subsection.4.4.2}{\376\377\0004\000.\0004\000.\0002\000\040\133\236\232\214\155\113\213\325}{section.4.4}% 44
\BOOKMARK [1][-]{section.4.5}{\376\377\0004\000.\0005\000\040\147\054\172\340\134\017\176\323}{chapter.4}% 45
\BOOKMARK [0][-]{chapter.5}{\376\377\173\054\0005\172\340\000\040\121\111\150\005\150\005\215\335\155\113\221\317\123\312\121\166\213\357\135\356\117\356\153\143}{}% 46
\BOOKMARK [1][-]{section.5.1}{\376\377\0005\000.\0001\000\040\150\005\215\335\213\357\135\356\116\247\165\037\123\237\126\340}{chapter.5}% 47
\BOOKMARK [1][-]{section.5.2}{\376\377\0005\000.\0002\000\040\121\111\150\005\150\005\215\335\155\113\221\317}{chapter.5}% 48
\BOOKMARK [2][-]{subsection.5.2.1}{\376\377\0005\000.\0002\000.\0001\000\040\121\111\150\005\150\005\215\335\155\113\221\317\123\237\164\006}{section.5.2}% 49
\BOOKMARK [2][-]{subsection.5.2.2}{\376\377\0005\000.\0002\000.\0002\000\040\121\111\150\005\150\005\215\335\155\113\221\317\145\271\150\110\213\276\213\241}{section.5.2}% 50
\BOOKMARK [2][-]{subsection.5.2.3}{\376\377\0005\000.\0002\000.\0003\000\040\123\314\230\221\157\300\121\111\136\162\155\211\116\352\117\115\171\373\155\113\221\317}{section.5.2}% 51
\BOOKMARK [1][-]{section.5.3}{\376\377\0005\000.\0003\000\040\133\236\232\214\232\214\213\301}{chapter.5}% 52
\BOOKMARK [2][-]{subsection.5.3.1}{\376\377\0005\000.\0003\000.\0001\000\040\174\373\176\337\144\055\136\372}{section.5.3}% 53
\BOOKMARK [2][-]{subsection.5.3.2}{\376\377\0005\000.\0003\000.\0002\000\040\133\236\232\214\176\323\147\234}{section.5.3}% 54
\BOOKMARK [1][-]{section.5.4}{\376\377\0005\000.\0004\000\040\175\057\171\357\213\357\135\356\117\356\153\143}{chapter.5}% 55
\BOOKMARK [2][-]{subsection.5.4.1}{\376\377\0005\000.\0004\000.\0001\000\040\213\357\135\356\117\356\153\143\145\271\154\325}{section.5.4}% 56
\BOOKMARK [2][-]{subsection.5.4.2}{\376\377\0005\000.\0004\000.\0002\000\040\213\357\135\356\117\356\153\143\133\236\232\214}{section.5.4}% 57
\BOOKMARK [1][-]{section.5.5}{\376\377\0005\000.\0005\000\040\147\054\172\340\134\017\176\323}{chapter.5}% 58
\BOOKMARK [0][-]{chapter.6}{\376\377\173\054\0006\172\340\000\040\140\073\176\323\116\016\134\125\147\033}{}% 59
\BOOKMARK [1][-]{section.6.1}{\376\377\0006\000.\0001\000\040\147\054\145\207\135\345\117\134\140\073\176\323}{chapter.6}% 60
\BOOKMARK [1][-]{section.6.2}{\376\377\0006\000.\0002\000\040\170\024\172\166\135\345\117\134\134\125\147\033}{chapter.6}% 61
